#
# A fatal error has been detected by the Java Runtime Environment:
#
#  EXCEPTION_ACCESS_VIOLATION (0xc0000005) at pc=0x00007ffdc0c7e632, pid=9584, tid=1360
#
# JRE version: Java(TM) SE Runtime Environment (21.0.3+7) (build 21.0.3+7-LTS-152)
# Java VM: Java HotSpot(TM) 64-Bit Server VM (21.0.3+7-LTS-152, mixed mode, sharing, tiered, compressed oops, compressed class ptrs, g1 gc, windows-amd64)
# Problematic frame:
# V  [jvm.dll+0x6ee632]
#
# No core dump will be written. Minidumps are not enabled by default on client versions of Windows
#
# If you would like to submit a bug report, please visit:
#   https://bugreport.java.com/bugreport/crash.jsp
#

---------------  S U M M A R Y ------------

Command Line: --add-opens=java.base/java.util=ALL-UNNAMED --add-opens=java.base/java.lang=ALL-UNNAMED --add-opens=java.base/java.lang.invoke=ALL-UNNAMED --add-opens=java.prefs/java.util.prefs=ALL-UNNAMED --add-opens=java.base/java.nio.charset=ALL-UNNAMED --add-opens=java.base/java.net=ALL-UNNAMED --add-opens=java.base/java.util.concurrent.atomic=ALL-UNNAMED -XX:MaxMetaspaceSize=384m -XX:+HeapDumpOnOutOfMemoryError -Xms256m -Xmx512m -Dfile.encoding=x-windows-949 -Duser.country=KR -Duser.language=ko -Duser.variant -javaagent:C:\Users\user\.gradle\wrapper\dists\gradle-8.8-bin\dl7vupf4psengwqhwktix4v1\gradle-8.8\lib\agents\gradle-instrumentation-agent-8.8.jar org.gradle.launcher.daemon.bootstrap.GradleDaemon 8.8

Host: Intel(R) Core(TM) i5-3570 CPU @ 3.40GHz, 4 cores, 15G,  Windows 10 , 64 bit Build 19041 (10.0.19041.4597)
Time: Thu Aug 22 13:31:31 2024  Windows 10 , 64 bit Build 19041 (10.0.19041.4597) elapsed time: 11.316606 seconds (0d 0h 0m 11s)

---------------  T H R E A D  ---------------

Current thread (0x0000019f69bfbe40):  JavaThread "C2 CompilerThread0" daemon [_thread_in_native, id=1360, stack(0x000000339ff00000,0x00000033a0000000) (1024K)]


Current CompileTask:
C2:  11316 8016       4       sun.reflect.generics.parser.SignatureParser::parsePackageNameAndSimpleClassTypeSignature (119 bytes)

Stack: [0x000000339ff00000,0x00000033a0000000],  sp=0x000000339fffc1a0,  free space=1008k
Native frames: (J=compiled Java code, j=interpreted, Vv=VM code, C=native code)
V  [jvm.dll+0x6ee632]
V  [jvm.dll+0x6ef32a]
V  [jvm.dll+0x6ecfa9]
V  [jvm.dll+0x2478c2]
V  [jvm.dll+0x245014]
V  [jvm.dll+0x1c689e]
V  [jvm.dll+0x254609]
V  [jvm.dll+0x252b9a]
V  [jvm.dll+0x3eb056]
V  [jvm.dll+0x7f9ffb]
V  [jvm.dll+0x6c4a9d]
C  [ucrtbase.dll+0x21bb2]
C  [KERNEL32.DLL+0x17374]
C  [ntdll.dll+0x4cc91]


siginfo: EXCEPTION_ACCESS_VIOLATION (0xc0000005), reading address 0x0000020000000028


Registers:
RAX=0x0000020000000000, RBX=0x0000019f0665ee38, RCX=0x0000000000000017, RDX=0x000000000000009d
RSP=0x000000339fffc1a0, RBP=0x000000339fffc279, RSI=0x000000339fffce70, RDI=0x000000339fffc210
R8 =0x000000000000d0f8, R9 =0x0000019f06ad8f50, R10=0x00000000000065e1, R11=0x0000019f072dd130
R12=0x000000339fffce70, R13=0x0000000000000000, R14=0x0000019f07086000, R15=0x0000000000000001
RIP=0x00007ffdc0c7e632, EFLAGS=0x0000000000010202


Register to memory mapping:

RAX=0x0000020000000000 is an unknown value
RBX=0x0000019f0665ee38 points into unknown readable memory: 0x000000339fffe620 | 20 e6 ff 9f 33 00 00 00
RCX=0x0000000000000017 is an unknown value
RDX=0x000000000000009d is an unknown value
RSP=0x000000339fffc1a0 is pointing into the stack for thread: 0x0000019f69bfbe40
RBP=0x000000339fffc279 is pointing into the stack for thread: 0x0000019f69bfbe40
RSI=0x000000339fffce70 is pointing into the stack for thread: 0x0000019f69bfbe40
RDI=0x000000339fffc210 is pointing into the stack for thread: 0x0000019f69bfbe40
R8 =0x000000000000d0f8 is an unknown value
R9 =0x0000019f06ad8f50 points into unknown readable memory: 0x0000000000000000 | 00 00 00 00 00 00 00 00
R10=0x00000000000065e1 is an unknown value
R11=0x0000019f072dd130 points into unknown readable memory: 0x00007ffdc0ea3d98 | 98 3d ea c0 fd 7f 00 00
R12=0x000000339fffce70 is pointing into the stack for thread: 0x0000019f69bfbe40
R13=0x0 is null
R14=0x0000019f07086000 points into unknown readable memory: 0x0000019f06ce9990 | 90 99 ce 06 9f 01 00 00
R15=0x0000000000000001 is an unknown value

Top of Stack: (sp=0x000000339fffc1a0)
0x000000339fffc1a0:   0000019f7f511708 0000000000000044
0x000000339fffc1b0:   0000000000000001 0000019f07086000
0x000000339fffc1c0:   0000019f072dd0e8 00007ffdc0c7f32a
0x000000339fffc1d0:   0000000000000000 00000000000011bd
0x000000339fffc1e0:   0000019f072dd0e8 00000000000011bd
0x000000339fffc1f0:   0000019f69bd9fe0 00007ffd00004000
0x000000339fffc200:   0000019f07421020 0000019f00002372
0x000000339fffc210:   0000019f00000200 0000019f076ac380
0x000000339fffc220:   0000000000000200 0000019f69bd9fe0
0x000000339fffc230:   0000003300000000 0000000000000000
0x000000339fffc240:   0000019f69bd9fe0 0000000000004000
0x000000339fffc250:   0000019f0587d150 0000000000000000
0x000000339fffc260:   000011bd00000000 0000019f07086000
0x000000339fffc270:   0000000000000000 0000000000070220
0x000000339fffc280:   0000019f7f220380 0000019f7f224178
0x000000339fffc290:   0000019f00000200 00007ffdc0f42718
0x000000339fffc2a0:   0000000000000000 0000019f69bb74c0
0x000000339fffc2b0:   0000019f69bb7510 00007ffdc0f42750
0x000000339fffc2c0:   000000339fffe670 000000339fffce70
0x000000339fffc2d0:   000000339fffc410 00007ffdc0c7cfa9
0x000000339fffc2e0:   0000019f06ce9990 0000019f072dd060
0x000000339fffc2f0:   0000019f69bd9fe0 0000019f7f21c190
0x000000339fffc300:   000000339fffe4f0 00007ffdc07d78c2
0x000000339fffc310:   000000339fffe4f0 000000339fffe670
0x000000339fffc320:   000000339fffc410 000000339fffe670
0x000000339fffc330:   0000000000000000 00007ffdc0873bf9
0x000000339fffc340:   0000019f07af0000 0000000000000000
0x000000339fffc350:   0000019f69c17788 00007ffdc077e200
0x000000339fffc360:   0000000000000001 00007ffdc0f42750
0x000000339fffc370:   0000000000000000 0000000000000000
0x000000339fffc380:   0000000000000000 00007ffdc0f42750
0x000000339fffc390:   0000019f07e89700 0000019f07e89708 

Instructions: (pc=0x00007ffdc0c7e632)
0x00007ffdc0c7e532:   08 72 0a 48 8d 41 08 49 89 41 18 eb 12 45 33 c0
0x00007ffdc0c7e542:   49 8b c9 41 8d 50 08 e8 92 69 9d ff 48 8b c8 48
0x00007ffdc0c7e552:   89 4e 10 4c 89 29 44 8b 7e 08 8d 53 01 85 d2 74
0x00007ffdc0c7e562:   04 85 d3 74 0c 0f bd ca ba 01 00 00 00 ff c1 d3
0x00007ffdc0c7e572:   e2 48 8b 0e 4a 8d 3c fd 00 00 00 00 44 8b ca 4c
0x00007ffdc0c7e582:   8b c7 89 56 08 48 8b 56 10 49 c1 e1 03 44 89 6c
0x00007ffdc0c7e592:   24 20 e8 67 65 9d ff 44 8b 46 08 33 d2 45 2b c7
0x00007ffdc0c7e5a2:   48 89 46 10 49 c1 e0 03 48 8d 0c 07 e8 3f 06 20
0x00007ffdc0c7e5b2:   00 48 8b 46 10 4d 89 24 06 48 8b 55 28 ff c3 3b
0x00007ffdc0c7e5c2:   5a 08 0f 82 16 ff ff ff 4c 8b 7c 24 30 4c 8b 74
0x00007ffdc0c7e5d2:   24 38 4c 8b 64 24 70 48 8b 7c 24 68 48 8b 74 24
0x00007ffdc0c7e5e2:   60 48 83 c4 40 41 5d 5d 5b c3 cc cc cc cc 48 89
0x00007ffdc0c7e5f2:   5c 24 08 48 89 74 24 10 57 48 83 ec 20 48 8b 59
0x00007ffdc0c7e602:   20 48 8b fa 48 8b f1 8b 43 08 4c 8b 5b 20 85 c0
0x00007ffdc0c7e612:   74 49 45 33 c0 44 8b d0 66 0f 1f 44 00 00 4c 8b
0x00007ffdc0c7e622:   4b 18 4b 8b 04 01 48 85 c0 74 26 49 3b c3 74 21
0x00007ffdc0c7e632:   8b 48 28 8b c1 c1 e8 05 3b 07 73 11 8b d0 83 e1
0x00007ffdc0c7e642:   1f 48 8b 47 08 8b 04 90 0f a3 c8 72 04 4f 89 1c
0x00007ffdc0c7e652:   01 49 83 c0 08 49 83 ea 01 75 c3 48 8d 4e 30 33
0x00007ffdc0c7e662:   d2 41 b8 48 04 00 00 e8 84 05 20 00 48 8d 8e 78
0x00007ffdc0c7e672:   04 00 00 33 d2 41 b8 48 04 00 00 e8 70 05 20 00
0x00007ffdc0c7e682:   48 8d 8e c0 08 00 00 33 d2 41 b8 a0 00 00 00 48
0x00007ffdc0c7e692:   8b 5c 24 30 48 8b 74 24 38 48 83 c4 20 5f e9 4d
0x00007ffdc0c7e6a2:   05 20 00 cc cc cc cc cc cc cc cc cc cc cc 40 53
0x00007ffdc0c7e6b2:   41 55 41 57 48 83 ec 40 4c 8b e9 48 8b da 48 8b
0x00007ffdc0c7e6c2:   49 10 48 89 4c 24 70 45 8b 7d 20 49 ff cf 4e 8d
0x00007ffdc0c7e6d2:   3c f9 4c 89 7c 24 60 4c 3b f9 0f 82 de 01 00 00
0x00007ffdc0c7e6e2:   8b 15 00 40 57 00 65 48 8b 04 25 58 00 00 00 48
0x00007ffdc0c7e6f2:   89 6c 24 68 48 89 74 24 38 48 89 7c 24 30 4c 89
0x00007ffdc0c7e702:   64 24 28 4c 8d 24 d0 4c 89 74 24 20 66 90 49 8b
0x00007ffdc0c7e712:   3f 33 ed 33 f6 44 8b 47 1c 45 85 c0 0f 84 6c 01
0x00007ffdc0c7e722:   00 00 41 bf 70 00 00 00 66 0f 1f 44 00 00 4c 8b 


Stack slot to memory mapping:

stack at sp + 0 slots: 0x0000019f7f511708 points into unknown readable memory: 0x00007ffdc0f196c8 | c8 96 f1 c0 fd 7f 00 00
stack at sp + 1 slots: 0x0000000000000044 is an unknown value
stack at sp + 2 slots: 0x0000000000000001 is an unknown value
stack at sp + 3 slots: 0x0000019f07086000 points into unknown readable memory: 0x0000019f06ce9990 | 90 99 ce 06 9f 01 00 00
stack at sp + 4 slots: 0x0000019f072dd0e8 points into unknown readable memory: 0x00007ffdc0f2fa80 | 80 fa f2 c0 fd 7f 00 00
stack at sp + 5 slots: 0x00007ffdc0c7f32a jvm.dll
stack at sp + 6 slots: 0x0 is null
stack at sp + 7 slots: 0x00000000000011bd is an unknown value


---------------  P R O C E S S  ---------------

Threads class SMR info:
_java_thread_list=0x0000019f0835d000, length=47, elements={
0x0000019f4d93d410, 0x0000019f69bf0240, 0x0000019f69bf1570, 0x0000019f69bf45b0,
0x0000019f69bf5010, 0x0000019f69bf6210, 0x0000019f69bf7410, 0x0000019f69bfbe40,
0x0000019f69c04910, 0x0000019f69bb7cf0, 0x0000019f7f1fb850, 0x0000019f047c1340,
0x0000019f04ef0360, 0x0000019f04fbf1b0, 0x0000019f050b77c0, 0x0000019f04f372a0,
0x0000019f050b03e0, 0x0000019f050b1000, 0x0000019f050cd160, 0x0000019f050cb090,
0x0000019f050cb720, 0x0000019f050cbdb0, 0x0000019f050ca370, 0x0000019f050cd7f0,
0x0000019f050caa00, 0x0000019f050cc440, 0x0000019f05b82130, 0x0000019f05b827c0,
0x0000019f05b84200, 0x0000019f05b84890, 0x0000019f05b82e50, 0x0000019f07497a80,
0x0000019f05b7f340, 0x0000019f05b80060, 0x0000019f05b855b0, 0x0000019f05b81410,
0x0000019f07e53390, 0x0000019f07e4ff10, 0x0000019f07e52670, 0x0000019f07e505a0,
0x0000019f07e4d120, 0x0000019f07e52d00, 0x0000019f07e4d7b0, 0x0000019f07e53a20,
0x0000019f07e51950, 0x0000019f07e4de40, 0x0000019f07e4e4d0
}

Java Threads: ( => current thread )
  0x0000019f4d93d410 JavaThread "main"                              [_thread_blocked, id=1668, stack(0x000000339f100000,0x000000339f200000) (1024K)]
  0x0000019f69bf0240 JavaThread "Reference Handler"          daemon [_thread_blocked, id=12904, stack(0x000000339f900000,0x000000339fa00000) (1024K)]
  0x0000019f69bf1570 JavaThread "Finalizer"                  daemon [_thread_blocked, id=13104, stack(0x000000339fa00000,0x000000339fb00000) (1024K)]
  0x0000019f69bf45b0 JavaThread "Signal Dispatcher"          daemon [_thread_blocked, id=6300, stack(0x000000339fb00000,0x000000339fc00000) (1024K)]
  0x0000019f69bf5010 JavaThread "Attach Listener"            daemon [_thread_blocked, id=9612, stack(0x000000339fc00000,0x000000339fd00000) (1024K)]
  0x0000019f69bf6210 JavaThread "Service Thread"             daemon [_thread_blocked, id=6204, stack(0x000000339fd00000,0x000000339fe00000) (1024K)]
  0x0000019f69bf7410 JavaThread "Monitor Deflation Thread"   daemon [_thread_blocked, id=11364, stack(0x000000339fe00000,0x000000339ff00000) (1024K)]
=>0x0000019f69bfbe40 JavaThread "C2 CompilerThread0"         daemon [_thread_in_native, id=1360, stack(0x000000339ff00000,0x00000033a0000000) (1024K)]
  0x0000019f69c04910 JavaThread "C1 CompilerThread0"         daemon [_thread_blocked, id=4152, stack(0x00000033a0000000,0x00000033a0100000) (1024K)]
  0x0000019f69bb7cf0 JavaThread "Common-Cleaner"             daemon [_thread_blocked, id=7520, stack(0x00000033a0100000,0x00000033a0200000) (1024K)]
  0x0000019f7f1fb850 JavaThread "Notification Thread"        daemon [_thread_blocked, id=10244, stack(0x00000033a0200000,0x00000033a0300000) (1024K)]
  0x0000019f047c1340 JavaThread "Daemon health stats"               [_thread_blocked, id=1220, stack(0x00000033a0700000,0x00000033a0800000) (1024K)]
  0x0000019f04ef0360 JavaThread "Incoming local TCP Connector on port 55004"        [_thread_in_native, id=11404, stack(0x00000033a0800000,0x00000033a0900000) (1024K)]
  0x0000019f04fbf1b0 JavaThread "Daemon periodic checks"            [_thread_blocked, id=4360, stack(0x00000033a0900000,0x00000033a0a00000) (1024K)]
  0x0000019f050b77c0 JavaThread "Daemon"                            [_thread_blocked, id=13276, stack(0x00000033a0a00000,0x00000033a0b00000) (1024K)]
  0x0000019f04f372a0 JavaThread "Handler for socket connection from /127.0.0.1:55004 to /127.0.0.1:55005"        [_thread_in_native, id=11604, stack(0x00000033a0b00000,0x00000033a0c00000) (1024K)]
  0x0000019f050b03e0 JavaThread "Cancel handler"                    [_thread_blocked, id=12644, stack(0x00000033a0c00000,0x00000033a0d00000) (1024K)]
  0x0000019f050b1000 JavaThread "Daemon worker"                     [_thread_in_vm, id=12804, stack(0x00000033a0d00000,0x00000033a0e00000) (1024K)]
  0x0000019f050cd160 JavaThread "Asynchronous log dispatcher for DefaultDaemonConnection: socket connection from /127.0.0.1:55004 to /127.0.0.1:55005"        [_thread_blocked, id=6620, stack(0x00000033a0e00000,0x00000033a0f00000) (1024K)]
  0x0000019f050cb090 JavaThread "Stdin handler"                     [_thread_blocked, id=11064, stack(0x00000033a0f00000,0x00000033a1000000) (1024K)]
  0x0000019f050cb720 JavaThread "Daemon client event forwarder"        [_thread_blocked, id=6224, stack(0x00000033a1000000,0x00000033a1100000) (1024K)]
  0x0000019f050cbdb0 JavaThread "Cache worker for journal cache (C:\Users\user\.gradle\caches\journal-1)"        [_thread_blocked, id=4516, stack(0x00000033a1100000,0x00000033a1200000) (1024K)]
  0x0000019f050ca370 JavaThread "File lock request listener"        [_thread_in_native, id=11256, stack(0x00000033a1200000,0x00000033a1300000) (1024K)]
  0x0000019f050cd7f0 JavaThread "Cache worker for file hash cache (C:\Users\user\.gradle\caches\8.8\fileHashes)"        [_thread_blocked, id=8844, stack(0x00000033a1300000,0x00000033a1400000) (1024K)]
  0x0000019f050caa00 JavaThread "Cache worker for file hash cache (D:\yakbang (1)\.gradle\8.8\fileHashes)"        [_thread_blocked, id=2528, stack(0x00000033a1400000,0x00000033a1500000) (1024K)]
  0x0000019f050cc440 JavaThread "File watcher server"        daemon [_thread_in_native, id=1264, stack(0x00000033a0600000,0x00000033a0700000) (1024K)]
  0x0000019f05b82130 JavaThread "File watcher consumer"      daemon [_thread_blocked, id=620, stack(0x00000033a1500000,0x00000033a1600000) (1024K)]
  0x0000019f05b827c0 JavaThread "Cache worker for checksums cache (D:\yakbang (1)\.gradle\8.8\checksums)"        [_thread_blocked, id=3892, stack(0x00000033a1600000,0x00000033a1700000) (1024K)]
  0x0000019f05b84200 JavaThread "Cache worker for file content cache (C:\Users\user\.gradle\caches\8.8\fileContent)"        [_thread_blocked, id=648, stack(0x00000033a1700000,0x00000033a1800000) (1024K)]
  0x0000019f05b84890 JavaThread "Cache worker for cache directory md-rule (C:\Users\user\.gradle\caches\8.8\md-rule)"        [_thread_blocked, id=5504, stack(0x00000033a1800000,0x00000033a1900000) (1024K)]
  0x0000019f05b82e50 JavaThread "Cache worker for cache directory md-supplier (C:\Users\user\.gradle\caches\8.8\md-supplier)"        [_thread_blocked, id=12524, stack(0x00000033a1900000,0x00000033a1a00000) (1024K)]
  0x0000019f07497a80 JavaThread "C2 CompilerThread1"         daemon [_thread_in_vm, id=12436, stack(0x00000033a1a00000,0x00000033a1b00000) (1024K)]
  0x0000019f05b7f340 JavaThread "jar transforms"                    [_thread_blocked, id=10972, stack(0x00000033a1b00000,0x00000033a1c00000) (1024K)]
  0x0000019f05b80060 JavaThread "jar transforms Thread 2"           [_thread_blocked, id=7932, stack(0x00000033a1c00000,0x00000033a1d00000) (1024K)]
  0x0000019f05b855b0 JavaThread "jar transforms Thread 3"           [_thread_blocked, id=2460, stack(0x00000033a1d00000,0x00000033a1e00000) (1024K)]
  0x0000019f05b81410 JavaThread "jar transforms Thread 4"           [_thread_blocked, id=1448, stack(0x00000033a1e00000,0x00000033a1f00000) (1024K)]
  0x0000019f07e53390 JavaThread "Cache worker for Build Output Cleanup Cache (D:\yakbang (1)\.gradle\buildOutputCleanup)"        [_thread_blocked, id=6728, stack(0x00000033a1f00000,0x00000033a2000000) (1024K)]
  0x0000019f07e4ff10 JavaThread "Unconstrained build operations"        [_thread_blocked, id=6648, stack(0x00000033a2000000,0x00000033a2100000) (1024K)]
  0x0000019f07e52670 JavaThread "Unconstrained build operations Thread 2"        [_thread_blocked, id=2500, stack(0x00000033a2100000,0x00000033a2200000) (1024K)]
  0x0000019f07e505a0 JavaThread "Unconstrained build operations Thread 3"        [_thread_blocked, id=6972, stack(0x00000033a2200000,0x00000033a2300000) (1024K)]
  0x0000019f07e4d120 JavaThread "Unconstrained build operations Thread 4"        [_thread_blocked, id=12576, stack(0x00000033a2300000,0x00000033a2400000) (1024K)]
  0x0000019f07e52d00 JavaThread "Unconstrained build operations Thread 5"        [_thread_blocked, id=5656, stack(0x00000033a2400000,0x00000033a2500000) (1024K)]
  0x0000019f07e4d7b0 JavaThread "Unconstrained build operations Thread 6"        [_thread_blocked, id=2308, stack(0x00000033a2500000,0x00000033a2600000) (1024K)]
  0x0000019f07e53a20 JavaThread "Unconstrained build operations Thread 7"        [_thread_blocked, id=9008, stack(0x00000033a2600000,0x00000033a2700000) (1024K)]
  0x0000019f07e51950 JavaThread "Unconstrained build operations Thread 8"        [_thread_blocked, id=7512, stack(0x00000033a2700000,0x00000033a2800000) (1024K)]
  0x0000019f07e4de40 JavaThread "Unconstrained build operations Thread 9"        [_thread_blocked, id=15308, stack(0x00000033a2800000,0x00000033a2900000) (1024K)]
  0x0000019f07e4e4d0 JavaThread "Memory manager"                    [_thread_blocked, id=7220, stack(0x00000033a2900000,0x00000033a2a00000) (1024K)]
Total: 47

Other Threads:
  0x0000019f4d7f86c0 VMThread "VM Thread"                           [id=6284, stack(0x000000339f800000,0x000000339f900000) (1024K)]
  0x0000019f69bb3de0 WatcherThread "VM Periodic Task Thread"        [id=10264, stack(0x000000339f700000,0x000000339f800000) (1024K)]
  0x0000019f4d7f91a0 WorkerThread "GC Thread#0"                     [id=1724, stack(0x000000339f200000,0x000000339f300000) (1024K)]
  0x0000019f4d7f9c80 WorkerThread "GC Thread#1"                     [id=11248, stack(0x00000033a0300000,0x00000033a0400000) (1024K)]
  0x0000019f4d7f8320 WorkerThread "GC Thread#2"                     [id=12372, stack(0x00000033a0400000,0x00000033a0500000) (1024K)]
  0x0000019f7f36a600 WorkerThread "GC Thread#3"                     [id=5352, stack(0x00000033a0500000,0x00000033a0600000) (1024K)]
  0x0000019f4d96bea0 ConcurrentGCThread "G1 Main Marker"            [id=436, stack(0x000000339f300000,0x000000339f400000) (1024K)]
  0x0000019f4d7f98e0 WorkerThread "G1 Conc#0"                       [id=2144, stack(0x000000339f400000,0x000000339f500000) (1024K)]
  0x0000019f69a86500 ConcurrentGCThread "G1 Refine#0"               [id=11676, stack(0x000000339f500000,0x000000339f600000) (1024K)]
  0x0000019f69a86f80 ConcurrentGCThread "G1 Service"                [id=14244, stack(0x000000339f600000,0x000000339f700000) (1024K)]
Total: 10

Threads with active compile tasks:
C2 CompilerThread0    11373 8016       4       sun.reflect.generics.parser.SignatureParser::parsePackageNameAndSimpleClassTypeSignature (119 bytes)
C2 CompilerThread1    11373 8065 %     4       org.gradle.internal.instantiation.generator.AbstractClassGenerator::inspectType @ 107 (560 bytes)
Total: 2

VM state: not at safepoint (normal execution)

VM Mutex/Monitor currently owned by a thread: None

Heap address: 0x00000000e0000000, size: 512 MB, Compressed Oops mode: 32-bit

CDS archive(s) mapped at: [0x0000019f6a000000-0x0000019f6ac90000-0x0000019f6ac90000), size 13172736, SharedBaseAddress: 0x0000019f6a000000, ArchiveRelocationMode: 1.
Compressed class space mapped at: 0x0000019f6b000000-0x0000019f7f000000, reserved size: 335544320
Narrow klass base: 0x0000019f6a000000, Narrow klass shift: 0, Narrow klass range: 0x100000000

GC Precious Log:
 CardTable entry size: 512
 Card Set container configuration: InlinePtr #cards 5 size 8 Array Of Cards #cards 12 size 40 Howl #buckets 4 coarsen threshold 1843 Howl Bitmap #cards 512 size 80 coarsen threshold 460 Card regions per heap region 1 cards per card region 2048
 CPUs: 4 total, 4 available
 Memory: 16327M
 Large Page Support: Disabled
 NUMA Support: Disabled
 Compressed Oops: Enabled (32-bit)
 Heap Region Size: 1M
 Heap Min Capacity: 256M
 Heap Initial Capacity: 256M
 Heap Max Capacity: 512M
 Pre-touch: Disabled
 Parallel Workers: 4
 Concurrent Workers: 1
 Concurrent Refinement Workers: 4
 Periodic GC: Disabled

Heap:
 garbage-first heap   total 262144K, used 67072K [0x00000000e0000000, 0x0000000100000000)
  region size 1024K, 32 young (32768K), 16 survivors (16384K)
 Metaspace       used 59382K, committed 61248K, reserved 393216K
  class space    used 8516K, committed 9472K, reserved 327680K

Heap Regions: E=young(eden), S=young(survivor), O=old, HS=humongous(starts), HC=humongous(continues), CS=collection set, F=free, TAMS=top-at-mark-start, PB=parsable bottom
|   0|0x00000000e0000000, 0x00000000e0100000, 0x00000000e0100000|100%|HS|  |TAMS 0x00000000e0000000| PB 0x00000000e0000000| Complete 
|   1|0x00000000e0100000, 0x00000000e0200000, 0x00000000e0200000|100%|HC|  |TAMS 0x00000000e0100000| PB 0x00000000e0100000| Complete 
|   2|0x00000000e0200000, 0x00000000e0300000, 0x00000000e0300000|100%|HC|  |TAMS 0x00000000e0200000| PB 0x00000000e0200000| Complete 
|   3|0x00000000e0300000, 0x00000000e0400000, 0x00000000e0400000|100%|HC|  |TAMS 0x00000000e0300000| PB 0x00000000e0300000| Complete 
|   4|0x00000000e0400000, 0x00000000e0500000, 0x00000000e0500000|100%| O|  |TAMS 0x00000000e0400000| PB 0x00000000e0400000| Untracked 
|   5|0x00000000e0500000, 0x00000000e0600000, 0x00000000e0600000|100%| O|  |TAMS 0x00000000e0500000| PB 0x00000000e0500000| Untracked 
|   6|0x00000000e0600000, 0x00000000e0700000, 0x00000000e0700000|100%| O|  |TAMS 0x00000000e0600000| PB 0x00000000e0600000| Untracked 
|   7|0x00000000e0700000, 0x00000000e0800000, 0x00000000e0800000|100%| O|  |TAMS 0x00000000e0700000| PB 0x00000000e0700000| Untracked 
|   8|0x00000000e0800000, 0x00000000e0900000, 0x00000000e0900000|100%| O|  |TAMS 0x00000000e0800000| PB 0x00000000e0800000| Untracked 
|   9|0x00000000e0900000, 0x00000000e0a00000, 0x00000000e0a00000|100%|HS|  |TAMS 0x00000000e0900000| PB 0x00000000e0900000| Complete 
|  10|0x00000000e0a00000, 0x00000000e0b00000, 0x00000000e0b00000|100%| O|  |TAMS 0x00000000e0a00000| PB 0x00000000e0a00000| Untracked 
|  11|0x00000000e0b00000, 0x00000000e0c00000, 0x00000000e0c00000|100%| O|  |TAMS 0x00000000e0b00000| PB 0x00000000e0b00000| Untracked 
|  12|0x00000000e0c00000, 0x00000000e0d00000, 0x00000000e0d00000|100%| O|  |TAMS 0x00000000e0c00000| PB 0x00000000e0c00000| Untracked 
|  13|0x00000000e0d00000, 0x00000000e0e00000, 0x00000000e0e00000|100%| O|  |TAMS 0x00000000e0d00000| PB 0x00000000e0d00000| Untracked 
|  14|0x00000000e0e00000, 0x00000000e0f00000, 0x00000000e0f00000|100%| O|  |TAMS 0x00000000e0e00000| PB 0x00000000e0e00000| Untracked 
|  15|0x00000000e0f00000, 0x00000000e1000000, 0x00000000e1000000|100%| O|  |TAMS 0x00000000e0f00000| PB 0x00000000e0f00000| Untracked 
|  16|0x00000000e1000000, 0x00000000e1100000, 0x00000000e1100000|100%| O|  |TAMS 0x00000000e1000000| PB 0x00000000e1000000| Untracked 
|  17|0x00000000e1100000, 0x00000000e1200000, 0x00000000e1200000|100%| O|  |TAMS 0x00000000e1100000| PB 0x00000000e1100000| Untracked 
|  18|0x00000000e1200000, 0x00000000e1300000, 0x00000000e1300000|100%| O|  |TAMS 0x00000000e1200000| PB 0x00000000e1200000| Untracked 
|  19|0x00000000e1300000, 0x00000000e1400000, 0x00000000e1400000|100%| O|  |TAMS 0x00000000e1300000| PB 0x00000000e1300000| Untracked 
|  20|0x00000000e1400000, 0x00000000e1500000, 0x00000000e1500000|100%| O|  |TAMS 0x00000000e1400000| PB 0x00000000e1400000| Untracked 
|  21|0x00000000e1500000, 0x00000000e1600000, 0x00000000e1600000|100%| O|  |TAMS 0x00000000e1500000| PB 0x00000000e1500000| Untracked 
|  22|0x00000000e1600000, 0x00000000e1700000, 0x00000000e1700000|100%| O|  |TAMS 0x00000000e1600000| PB 0x00000000e1600000| Untracked 
|  23|0x00000000e1700000, 0x00000000e1700000, 0x00000000e1800000|  0%| F|  |TAMS 0x00000000e1700000| PB 0x00000000e1700000| Untracked 
|  24|0x00000000e1800000, 0x00000000e1900000, 0x00000000e1900000|100%| O|Cm|TAMS 0x00000000e1800000| PB 0x00000000e1800000| Complete 
|  25|0x00000000e1900000, 0x00000000e1a00000, 0x00000000e1a00000|100%| O|  |TAMS 0x00000000e1900000| PB 0x00000000e1900000| Untracked 
|  26|0x00000000e1a00000, 0x00000000e1a00000, 0x00000000e1b00000|  0%| F|  |TAMS 0x00000000e1a00000| PB 0x00000000e1a00000| Untracked 
|  27|0x00000000e1b00000, 0x00000000e1c00000, 0x00000000e1c00000|100%| O|  |TAMS 0x00000000e1b00000| PB 0x00000000e1b00000| Untracked 
|  28|0x00000000e1c00000, 0x00000000e1d00000, 0x00000000e1d00000|100%| O|  |TAMS 0x00000000e1c00000| PB 0x00000000e1c00000| Untracked 
|  29|0x00000000e1d00000, 0x00000000e1e00000, 0x00000000e1e00000|100%| O|  |TAMS 0x00000000e1d00000| PB 0x00000000e1d00000| Untracked 
|  30|0x00000000e1e00000, 0x00000000e1f00000, 0x00000000e1f00000|100%| O|  |TAMS 0x00000000e1e00000| PB 0x00000000e1e00000| Untracked 
|  31|0x00000000e1f00000, 0x00000000e2000000, 0x00000000e2000000|100%| O|  |TAMS 0x00000000e1f00000| PB 0x00000000e1f00000| Untracked 
|  32|0x00000000e2000000, 0x00000000e2100000, 0x00000000e2100000|100%| O|  |TAMS 0x00000000e2000000| PB 0x00000000e2000000| Untracked 
|  33|0x00000000e2100000, 0x00000000e2200000, 0x00000000e2200000|100%| O|  |TAMS 0x00000000e2100000| PB 0x00000000e2100000| Untracked 
|  34|0x00000000e2200000, 0x00000000e2300000, 0x00000000e2300000|100%| O|  |TAMS 0x00000000e2200000| PB 0x00000000e2200000| Untracked 
|  35|0x00000000e2300000, 0x00000000e2400000, 0x00000000e2400000|100%| O|  |TAMS 0x00000000e2300000| PB 0x00000000e2300000| Untracked 
|  36|0x00000000e2400000, 0x00000000e2500000, 0x00000000e2500000|100%| O|  |TAMS 0x00000000e2400000| PB 0x00000000e2400000| Untracked 
|  37|0x00000000e2500000, 0x00000000e2500000, 0x00000000e2600000|  0%| F|  |TAMS 0x00000000e2500000| PB 0x00000000e2500000| Untracked 
|  38|0x00000000e2600000, 0x00000000e2600000, 0x00000000e2700000|  0%| F|  |TAMS 0x00000000e2600000| PB 0x00000000e2600000| Untracked 
|  39|0x00000000e2700000, 0x00000000e2700000, 0x00000000e2800000|  0%| F|  |TAMS 0x00000000e2700000| PB 0x00000000e2700000| Untracked 
|  40|0x00000000e2800000, 0x00000000e2800000, 0x00000000e2900000|  0%| F|  |TAMS 0x00000000e2800000| PB 0x00000000e2800000| Untracked 
|  41|0x00000000e2900000, 0x00000000e2900000, 0x00000000e2a00000|  0%| F|  |TAMS 0x00000000e2900000| PB 0x00000000e2900000| Untracked 
|  42|0x00000000e2a00000, 0x00000000e2a00000, 0x00000000e2b00000|  0%| F|  |TAMS 0x00000000e2a00000| PB 0x00000000e2a00000| Untracked 
|  43|0x00000000e2b00000, 0x00000000e2b00000, 0x00000000e2c00000|  0%| F|  |TAMS 0x00000000e2b00000| PB 0x00000000e2b00000| Untracked 
|  44|0x00000000e2c00000, 0x00000000e2c00000, 0x00000000e2d00000|  0%| F|  |TAMS 0x00000000e2c00000| PB 0x00000000e2c00000| Untracked 
|  45|0x00000000e2d00000, 0x00000000e2d00000, 0x00000000e2e00000|  0%| F|  |TAMS 0x00000000e2d00000| PB 0x00000000e2d00000| Untracked 
|  46|0x00000000e2e00000, 0x00000000e2e00000, 0x00000000e2f00000|  0%| F|  |TAMS 0x00000000e2e00000| PB 0x00000000e2e00000| Untracked 
|  47|0x00000000e2f00000, 0x00000000e2f00000, 0x00000000e3000000|  0%| F|  |TAMS 0x00000000e2f00000| PB 0x00000000e2f00000| Untracked 
|  48|0x00000000e3000000, 0x00000000e3000000, 0x00000000e3100000|  0%| F|  |TAMS 0x00000000e3000000| PB 0x00000000e3000000| Untracked 
|  49|0x00000000e3100000, 0x00000000e3100000, 0x00000000e3200000|  0%| F|  |TAMS 0x00000000e3100000| PB 0x00000000e3100000| Untracked 
|  50|0x00000000e3200000, 0x00000000e3200000, 0x00000000e3300000|  0%| F|  |TAMS 0x00000000e3200000| PB 0x00000000e3200000| Untracked 
|  51|0x00000000e3300000, 0x00000000e3300000, 0x00000000e3400000|  0%| F|  |TAMS 0x00000000e3300000| PB 0x00000000e3300000| Untracked 
|  52|0x00000000e3400000, 0x00000000e3400000, 0x00000000e3500000|  0%| F|  |TAMS 0x00000000e3400000| PB 0x00000000e3400000| Untracked 
|  53|0x00000000e3500000, 0x00000000e3500000, 0x00000000e3600000|  0%| F|  |TAMS 0x00000000e3500000| PB 0x00000000e3500000| Untracked 
|  54|0x00000000e3600000, 0x00000000e3600000, 0x00000000e3700000|  0%| F|  |TAMS 0x00000000e3600000| PB 0x00000000e3600000| Untracked 
|  55|0x00000000e3700000, 0x00000000e3700000, 0x00000000e3800000|  0%| F|  |TAMS 0x00000000e3700000| PB 0x00000000e3700000| Untracked 
|  56|0x00000000e3800000, 0x00000000e3800000, 0x00000000e3900000|  0%| F|  |TAMS 0x00000000e3800000| PB 0x00000000e3800000| Untracked 
|  57|0x00000000e3900000, 0x00000000e3900000, 0x00000000e3a00000|  0%| F|  |TAMS 0x00000000e3900000| PB 0x00000000e3900000| Untracked 
|  58|0x00000000e3a00000, 0x00000000e3a00000, 0x00000000e3b00000|  0%| F|  |TAMS 0x00000000e3a00000| PB 0x00000000e3a00000| Untracked 
|  59|0x00000000e3b00000, 0x00000000e3b00000, 0x00000000e3c00000|  0%| F|  |TAMS 0x00000000e3b00000| PB 0x00000000e3b00000| Untracked 
|  60|0x00000000e3c00000, 0x00000000e3c00000, 0x00000000e3d00000|  0%| F|  |TAMS 0x00000000e3c00000| PB 0x00000000e3c00000| Untracked 
|  61|0x00000000e3d00000, 0x00000000e3d00000, 0x00000000e3e00000|  0%| F|  |TAMS 0x00000000e3d00000| PB 0x00000000e3d00000| Untracked 
|  62|0x00000000e3e00000, 0x00000000e3e00000, 0x00000000e3f00000|  0%| F|  |TAMS 0x00000000e3e00000| PB 0x00000000e3e00000| Untracked 
|  63|0x00000000e3f00000, 0x00000000e3f00000, 0x00000000e4000000|  0%| F|  |TAMS 0x00000000e3f00000| PB 0x00000000e3f00000| Untracked 
|  64|0x00000000e4000000, 0x00000000e4000000, 0x00000000e4100000|  0%| F|  |TAMS 0x00000000e4000000| PB 0x00000000e4000000| Untracked 
|  65|0x00000000e4100000, 0x00000000e4100000, 0x00000000e4200000|  0%| F|  |TAMS 0x00000000e4100000| PB 0x00000000e4100000| Untracked 
|  66|0x00000000e4200000, 0x00000000e4200000, 0x00000000e4300000|  0%| F|  |TAMS 0x00000000e4200000| PB 0x00000000e4200000| Untracked 
|  67|0x00000000e4300000, 0x00000000e4300000, 0x00000000e4400000|  0%| F|  |TAMS 0x00000000e4300000| PB 0x00000000e4300000| Untracked 
|  68|0x00000000e4400000, 0x00000000e4400000, 0x00000000e4500000|  0%| F|  |TAMS 0x00000000e4400000| PB 0x00000000e4400000| Untracked 
|  69|0x00000000e4500000, 0x00000000e4500000, 0x00000000e4600000|  0%| F|  |TAMS 0x00000000e4500000| PB 0x00000000e4500000| Untracked 
|  70|0x00000000e4600000, 0x00000000e4600000, 0x00000000e4700000|  0%| F|  |TAMS 0x00000000e4600000| PB 0x00000000e4600000| Untracked 
|  71|0x00000000e4700000, 0x00000000e4700000, 0x00000000e4800000|  0%| F|  |TAMS 0x00000000e4700000| PB 0x00000000e4700000| Untracked 
|  72|0x00000000e4800000, 0x00000000e4800000, 0x00000000e4900000|  0%| F|  |TAMS 0x00000000e4800000| PB 0x00000000e4800000| Untracked 
|  73|0x00000000e4900000, 0x00000000e4900000, 0x00000000e4a00000|  0%| F|  |TAMS 0x00000000e4900000| PB 0x00000000e4900000| Untracked 
|  74|0x00000000e4a00000, 0x00000000e4a00000, 0x00000000e4b00000|  0%| F|  |TAMS 0x00000000e4a00000| PB 0x00000000e4a00000| Untracked 
|  75|0x00000000e4b00000, 0x00000000e4b00000, 0x00000000e4c00000|  0%| F|  |TAMS 0x00000000e4b00000| PB 0x00000000e4b00000| Untracked 
|  76|0x00000000e4c00000, 0x00000000e4c00000, 0x00000000e4d00000|  0%| F|  |TAMS 0x00000000e4c00000| PB 0x00000000e4c00000| Untracked 
|  77|0x00000000e4d00000, 0x00000000e4d00000, 0x00000000e4e00000|  0%| F|  |TAMS 0x00000000e4d00000| PB 0x00000000e4d00000| Untracked 
|  78|0x00000000e4e00000, 0x00000000e4e00000, 0x00000000e4f00000|  0%| F|  |TAMS 0x00000000e4e00000| PB 0x00000000e4e00000| Untracked 
|  79|0x00000000e4f00000, 0x00000000e4f00000, 0x00000000e5000000|  0%| F|  |TAMS 0x00000000e4f00000| PB 0x00000000e4f00000| Untracked 
|  80|0x00000000e5000000, 0x00000000e5000000, 0x00000000e5100000|  0%| F|  |TAMS 0x00000000e5000000| PB 0x00000000e5000000| Untracked 
|  81|0x00000000e5100000, 0x00000000e5100000, 0x00000000e5200000|  0%| F|  |TAMS 0x00000000e5100000| PB 0x00000000e5100000| Untracked 
|  82|0x00000000e5200000, 0x00000000e5200000, 0x00000000e5300000|  0%| F|  |TAMS 0x00000000e5200000| PB 0x00000000e5200000| Untracked 
|  83|0x00000000e5300000, 0x00000000e5300000, 0x00000000e5400000|  0%| F|  |TAMS 0x00000000e5300000| PB 0x00000000e5300000| Untracked 
|  84|0x00000000e5400000, 0x00000000e5400000, 0x00000000e5500000|  0%| F|  |TAMS 0x00000000e5400000| PB 0x00000000e5400000| Untracked 
|  85|0x00000000e5500000, 0x00000000e5500000, 0x00000000e5600000|  0%| F|  |TAMS 0x00000000e5500000| PB 0x00000000e5500000| Untracked 
|  86|0x00000000e5600000, 0x00000000e5600000, 0x00000000e5700000|  0%| F|  |TAMS 0x00000000e5600000| PB 0x00000000e5600000| Untracked 
|  87|0x00000000e5700000, 0x00000000e5700000, 0x00000000e5800000|  0%| F|  |TAMS 0x00000000e5700000| PB 0x00000000e5700000| Untracked 
|  88|0x00000000e5800000, 0x00000000e5800000, 0x00000000e5900000|  0%| F|  |TAMS 0x00000000e5800000| PB 0x00000000e5800000| Untracked 
|  89|0x00000000e5900000, 0x00000000e5900000, 0x00000000e5a00000|  0%| F|  |TAMS 0x00000000e5900000| PB 0x00000000e5900000| Untracked 
|  90|0x00000000e5a00000, 0x00000000e5a00000, 0x00000000e5b00000|  0%| F|  |TAMS 0x00000000e5a00000| PB 0x00000000e5a00000| Untracked 
|  91|0x00000000e5b00000, 0x00000000e5b00000, 0x00000000e5c00000|  0%| F|  |TAMS 0x00000000e5b00000| PB 0x00000000e5b00000| Untracked 
|  92|0x00000000e5c00000, 0x00000000e5c00000, 0x00000000e5d00000|  0%| F|  |TAMS 0x00000000e5c00000| PB 0x00000000e5c00000| Untracked 
|  93|0x00000000e5d00000, 0x00000000e5d00000, 0x00000000e5e00000|  0%| F|  |TAMS 0x00000000e5d00000| PB 0x00000000e5d00000| Untracked 
|  94|0x00000000e5e00000, 0x00000000e5e00000, 0x00000000e5f00000|  0%| F|  |TAMS 0x00000000e5e00000| PB 0x00000000e5e00000| Untracked 
|  95|0x00000000e5f00000, 0x00000000e5f00000, 0x00000000e6000000|  0%| F|  |TAMS 0x00000000e5f00000| PB 0x00000000e5f00000| Untracked 
|  96|0x00000000e6000000, 0x00000000e6000000, 0x00000000e6100000|  0%| F|  |TAMS 0x00000000e6000000| PB 0x00000000e6000000| Untracked 
|  97|0x00000000e6100000, 0x00000000e6100000, 0x00000000e6200000|  0%| F|  |TAMS 0x00000000e6100000| PB 0x00000000e6100000| Untracked 
|  98|0x00000000e6200000, 0x00000000e6200000, 0x00000000e6300000|  0%| F|  |TAMS 0x00000000e6200000| PB 0x00000000e6200000| Untracked 
|  99|0x00000000e6300000, 0x00000000e6300000, 0x00000000e6400000|  0%| F|  |TAMS 0x00000000e6300000| PB 0x00000000e6300000| Untracked 
| 100|0x00000000e6400000, 0x00000000e6400000, 0x00000000e6500000|  0%| F|  |TAMS 0x00000000e6400000| PB 0x00000000e6400000| Untracked 
| 101|0x00000000e6500000, 0x00000000e6500000, 0x00000000e6600000|  0%| F|  |TAMS 0x00000000e6500000| PB 0x00000000e6500000| Untracked 
| 102|0x00000000e6600000, 0x00000000e6600000, 0x00000000e6700000|  0%| F|  |TAMS 0x00000000e6600000| PB 0x00000000e6600000| Untracked 
| 103|0x00000000e6700000, 0x00000000e6700000, 0x00000000e6800000|  0%| F|  |TAMS 0x00000000e6700000| PB 0x00000000e6700000| Untracked 
| 104|0x00000000e6800000, 0x00000000e6800000, 0x00000000e6900000|  0%| F|  |TAMS 0x00000000e6800000| PB 0x00000000e6800000| Untracked 
| 105|0x00000000e6900000, 0x00000000e6900000, 0x00000000e6a00000|  0%| F|  |TAMS 0x00000000e6900000| PB 0x00000000e6900000| Untracked 
| 106|0x00000000e6a00000, 0x00000000e6a00000, 0x00000000e6b00000|  0%| F|  |TAMS 0x00000000e6a00000| PB 0x00000000e6a00000| Untracked 
| 107|0x00000000e6b00000, 0x00000000e6b00000, 0x00000000e6c00000|  0%| F|  |TAMS 0x00000000e6b00000| PB 0x00000000e6b00000| Untracked 
| 108|0x00000000e6c00000, 0x00000000e6c00000, 0x00000000e6d00000|  0%| F|  |TAMS 0x00000000e6c00000| PB 0x00000000e6c00000| Untracked 
| 109|0x00000000e6d00000, 0x00000000e6d00000, 0x00000000e6e00000|  0%| F|  |TAMS 0x00000000e6d00000| PB 0x00000000e6d00000| Untracked 
| 110|0x00000000e6e00000, 0x00000000e6e00000, 0x00000000e6f00000|  0%| F|  |TAMS 0x00000000e6e00000| PB 0x00000000e6e00000| Untracked 
| 111|0x00000000e6f00000, 0x00000000e6f00000, 0x00000000e7000000|  0%| F|  |TAMS 0x00000000e6f00000| PB 0x00000000e6f00000| Untracked 
| 112|0x00000000e7000000, 0x00000000e7000000, 0x00000000e7100000|  0%| F|  |TAMS 0x00000000e7000000| PB 0x00000000e7000000| Untracked 
| 113|0x00000000e7100000, 0x00000000e7100000, 0x00000000e7200000|  0%| F|  |TAMS 0x00000000e7100000| PB 0x00000000e7100000| Untracked 
| 114|0x00000000e7200000, 0x00000000e7200000, 0x00000000e7300000|  0%| F|  |TAMS 0x00000000e7200000| PB 0x00000000e7200000| Untracked 
| 115|0x00000000e7300000, 0x00000000e7300000, 0x00000000e7400000|  0%| F|  |TAMS 0x00000000e7300000| PB 0x00000000e7300000| Untracked 
| 116|0x00000000e7400000, 0x00000000e7400000, 0x00000000e7500000|  0%| F|  |TAMS 0x00000000e7400000| PB 0x00000000e7400000| Untracked 
| 117|0x00000000e7500000, 0x00000000e7500000, 0x00000000e7600000|  0%| F|  |TAMS 0x00000000e7500000| PB 0x00000000e7500000| Untracked 
| 118|0x00000000e7600000, 0x00000000e7600000, 0x00000000e7700000|  0%| F|  |TAMS 0x00000000e7600000| PB 0x00000000e7600000| Untracked 
| 119|0x00000000e7700000, 0x00000000e7700000, 0x00000000e7800000|  0%| F|  |TAMS 0x00000000e7700000| PB 0x00000000e7700000| Untracked 
| 120|0x00000000e7800000, 0x00000000e7800000, 0x00000000e7900000|  0%| F|  |TAMS 0x00000000e7800000| PB 0x00000000e7800000| Untracked 
| 121|0x00000000e7900000, 0x00000000e7900000, 0x00000000e7a00000|  0%| F|  |TAMS 0x00000000e7900000| PB 0x00000000e7900000| Untracked 
| 122|0x00000000e7a00000, 0x00000000e7a00000, 0x00000000e7b00000|  0%| F|  |TAMS 0x00000000e7a00000| PB 0x00000000e7a00000| Untracked 
| 123|0x00000000e7b00000, 0x00000000e7b00000, 0x00000000e7c00000|  0%| F|  |TAMS 0x00000000e7b00000| PB 0x00000000e7b00000| Untracked 
| 124|0x00000000e7c00000, 0x00000000e7c80000, 0x00000000e7d00000| 50%| S|CS|TAMS 0x00000000e7c00000| PB 0x00000000e7c00000| Complete 
| 125|0x00000000e7d00000, 0x00000000e7e00000, 0x00000000e7e00000|100%| S|CS|TAMS 0x00000000e7d00000| PB 0x00000000e7d00000| Complete 
| 126|0x00000000e7e00000, 0x00000000e7f00000, 0x00000000e7f00000|100%| S|CS|TAMS 0x00000000e7e00000| PB 0x00000000e7e00000| Complete 
| 127|0x00000000e7f00000, 0x00000000e8000000, 0x00000000e8000000|100%| S|CS|TAMS 0x00000000e7f00000| PB 0x00000000e7f00000| Complete 
| 128|0x00000000e8000000, 0x00000000e8100000, 0x00000000e8100000|100%| S|CS|TAMS 0x00000000e8000000| PB 0x00000000e8000000| Complete 
| 129|0x00000000e8100000, 0x00000000e8200000, 0x00000000e8200000|100%| S|CS|TAMS 0x00000000e8100000| PB 0x00000000e8100000| Complete 
| 130|0x00000000e8200000, 0x00000000e8300000, 0x00000000e8300000|100%| S|CS|TAMS 0x00000000e8200000| PB 0x00000000e8200000| Complete 
| 131|0x00000000e8300000, 0x00000000e8400000, 0x00000000e8400000|100%| S|CS|TAMS 0x00000000e8300000| PB 0x00000000e8300000| Complete 
| 132|0x00000000e8400000, 0x00000000e8500000, 0x00000000e8500000|100%| S|CS|TAMS 0x00000000e8400000| PB 0x00000000e8400000| Complete 
| 133|0x00000000e8500000, 0x00000000e8600000, 0x00000000e8600000|100%| S|CS|TAMS 0x00000000e8500000| PB 0x00000000e8500000| Complete 
| 134|0x00000000e8600000, 0x00000000e8700000, 0x00000000e8700000|100%| S|CS|TAMS 0x00000000e8600000| PB 0x00000000e8600000| Complete 
| 135|0x00000000e8700000, 0x00000000e8800000, 0x00000000e8800000|100%| S|CS|TAMS 0x00000000e8700000| PB 0x00000000e8700000| Complete 
| 136|0x00000000e8800000, 0x00000000e8900000, 0x00000000e8900000|100%| S|CS|TAMS 0x00000000e8800000| PB 0x00000000e8800000| Complete 
| 137|0x00000000e8900000, 0x00000000e8a00000, 0x00000000e8a00000|100%| S|CS|TAMS 0x00000000e8900000| PB 0x00000000e8900000| Complete 
| 138|0x00000000e8a00000, 0x00000000e8b00000, 0x00000000e8b00000|100%| S|CS|TAMS 0x00000000e8a00000| PB 0x00000000e8a00000| Complete 
| 139|0x00000000e8b00000, 0x00000000e8c00000, 0x00000000e8c00000|100%| S|CS|TAMS 0x00000000e8b00000| PB 0x00000000e8b00000| Complete 
| 140|0x00000000e8c00000, 0x00000000e8c00000, 0x00000000e8d00000|  0%| F|  |TAMS 0x00000000e8c00000| PB 0x00000000e8c00000| Untracked 
| 141|0x00000000e8d00000, 0x00000000e8d00000, 0x00000000e8e00000|  0%| F|  |TAMS 0x00000000e8d00000| PB 0x00000000e8d00000| Untracked 
| 142|0x00000000e8e00000, 0x00000000e8e00000, 0x00000000e8f00000|  0%| F|  |TAMS 0x00000000e8e00000| PB 0x00000000e8e00000| Untracked 
| 143|0x00000000e8f00000, 0x00000000e8f00000, 0x00000000e9000000|  0%| F|  |TAMS 0x00000000e8f00000| PB 0x00000000e8f00000| Untracked 
| 144|0x00000000e9000000, 0x00000000e9000000, 0x00000000e9100000|  0%| F|  |TAMS 0x00000000e9000000| PB 0x00000000e9000000| Untracked 
| 145|0x00000000e9100000, 0x00000000e9100000, 0x00000000e9200000|  0%| F|  |TAMS 0x00000000e9100000| PB 0x00000000e9100000| Untracked 
| 146|0x00000000e9200000, 0x00000000e9200000, 0x00000000e9300000|  0%| F|  |TAMS 0x00000000e9200000| PB 0x00000000e9200000| Untracked 
| 147|0x00000000e9300000, 0x00000000e9300000, 0x00000000e9400000|  0%| F|  |TAMS 0x00000000e9300000| PB 0x00000000e9300000| Untracked 
| 148|0x00000000e9400000, 0x00000000e9400000, 0x00000000e9500000|  0%| F|  |TAMS 0x00000000e9400000| PB 0x00000000e9400000| Untracked 
| 149|0x00000000e9500000, 0x00000000e9500000, 0x00000000e9600000|  0%| F|  |TAMS 0x00000000e9500000| PB 0x00000000e9500000| Untracked 
| 150|0x00000000e9600000, 0x00000000e9600000, 0x00000000e9700000|  0%| F|  |TAMS 0x00000000e9600000| PB 0x00000000e9600000| Untracked 
| 151|0x00000000e9700000, 0x00000000e9700000, 0x00000000e9800000|  0%| F|  |TAMS 0x00000000e9700000| PB 0x00000000e9700000| Untracked 
| 152|0x00000000e9800000, 0x00000000e9800000, 0x00000000e9900000|  0%| F|  |TAMS 0x00000000e9800000| PB 0x00000000e9800000| Untracked 
| 153|0x00000000e9900000, 0x00000000e9900000, 0x00000000e9a00000|  0%| F|  |TAMS 0x00000000e9900000| PB 0x00000000e9900000| Untracked 
| 154|0x00000000e9a00000, 0x00000000e9a00000, 0x00000000e9b00000|  0%| F|  |TAMS 0x00000000e9a00000| PB 0x00000000e9a00000| Untracked 
| 155|0x00000000e9b00000, 0x00000000e9b00000, 0x00000000e9c00000|  0%| F|  |TAMS 0x00000000e9b00000| PB 0x00000000e9b00000| Untracked 
| 156|0x00000000e9c00000, 0x00000000e9c00000, 0x00000000e9d00000|  0%| F|  |TAMS 0x00000000e9c00000| PB 0x00000000e9c00000| Untracked 
| 157|0x00000000e9d00000, 0x00000000e9d00000, 0x00000000e9e00000|  0%| F|  |TAMS 0x00000000e9d00000| PB 0x00000000e9d00000| Untracked 
| 158|0x00000000e9e00000, 0x00000000e9e00000, 0x00000000e9f00000|  0%| F|  |TAMS 0x00000000e9e00000| PB 0x00000000e9e00000| Untracked 
| 159|0x00000000e9f00000, 0x00000000e9f00000, 0x00000000ea000000|  0%| F|  |TAMS 0x00000000e9f00000| PB 0x00000000e9f00000| Untracked 
| 160|0x00000000ea000000, 0x00000000ea000000, 0x00000000ea100000|  0%| F|  |TAMS 0x00000000ea000000| PB 0x00000000ea000000| Untracked 
| 161|0x00000000ea100000, 0x00000000ea100000, 0x00000000ea200000|  0%| F|  |TAMS 0x00000000ea100000| PB 0x00000000ea100000| Untracked 
| 162|0x00000000ea200000, 0x00000000ea200000, 0x00000000ea300000|  0%| F|  |TAMS 0x00000000ea200000| PB 0x00000000ea200000| Untracked 
| 163|0x00000000ea300000, 0x00000000ea300000, 0x00000000ea400000|  0%| F|  |TAMS 0x00000000ea300000| PB 0x00000000ea300000| Untracked 
| 164|0x00000000ea400000, 0x00000000ea400000, 0x00000000ea500000|  0%| F|  |TAMS 0x00000000ea400000| PB 0x00000000ea400000| Untracked 
| 165|0x00000000ea500000, 0x00000000ea500000, 0x00000000ea600000|  0%| F|  |TAMS 0x00000000ea500000| PB 0x00000000ea500000| Untracked 
| 166|0x00000000ea600000, 0x00000000ea600000, 0x00000000ea700000|  0%| F|  |TAMS 0x00000000ea600000| PB 0x00000000ea600000| Untracked 
| 167|0x00000000ea700000, 0x00000000ea700000, 0x00000000ea800000|  0%| F|  |TAMS 0x00000000ea700000| PB 0x00000000ea700000| Untracked 
| 168|0x00000000ea800000, 0x00000000ea800000, 0x00000000ea900000|  0%| F|  |TAMS 0x00000000ea800000| PB 0x00000000ea800000| Untracked 
| 169|0x00000000ea900000, 0x00000000ea900000, 0x00000000eaa00000|  0%| F|  |TAMS 0x00000000ea900000| PB 0x00000000ea900000| Untracked 
| 170|0x00000000eaa00000, 0x00000000eaa00000, 0x00000000eab00000|  0%| F|  |TAMS 0x00000000eaa00000| PB 0x00000000eaa00000| Untracked 
| 171|0x00000000eab00000, 0x00000000eab00000, 0x00000000eac00000|  0%| F|  |TAMS 0x00000000eab00000| PB 0x00000000eab00000| Untracked 
| 172|0x00000000eac00000, 0x00000000eac00000, 0x00000000ead00000|  0%| F|  |TAMS 0x00000000eac00000| PB 0x00000000eac00000| Untracked 
| 173|0x00000000ead00000, 0x00000000ead00000, 0x00000000eae00000|  0%| F|  |TAMS 0x00000000ead00000| PB 0x00000000ead00000| Untracked 
| 174|0x00000000eae00000, 0x00000000eae00000, 0x00000000eaf00000|  0%| F|  |TAMS 0x00000000eae00000| PB 0x00000000eae00000| Untracked 
| 175|0x00000000eaf00000, 0x00000000eaf00000, 0x00000000eb000000|  0%| F|  |TAMS 0x00000000eaf00000| PB 0x00000000eaf00000| Untracked 
| 176|0x00000000eb000000, 0x00000000eb000000, 0x00000000eb100000|  0%| F|  |TAMS 0x00000000eb000000| PB 0x00000000eb000000| Untracked 
| 177|0x00000000eb100000, 0x00000000eb100000, 0x00000000eb200000|  0%| F|  |TAMS 0x00000000eb100000| PB 0x00000000eb100000| Untracked 
| 178|0x00000000eb200000, 0x00000000eb200000, 0x00000000eb300000|  0%| F|  |TAMS 0x00000000eb200000| PB 0x00000000eb200000| Untracked 
| 179|0x00000000eb300000, 0x00000000eb300000, 0x00000000eb400000|  0%| F|  |TAMS 0x00000000eb300000| PB 0x00000000eb300000| Untracked 
| 180|0x00000000eb400000, 0x00000000eb400000, 0x00000000eb500000|  0%| F|  |TAMS 0x00000000eb400000| PB 0x00000000eb400000| Untracked 
| 181|0x00000000eb500000, 0x00000000eb500000, 0x00000000eb600000|  0%| F|  |TAMS 0x00000000eb500000| PB 0x00000000eb500000| Untracked 
| 182|0x00000000eb600000, 0x00000000eb600000, 0x00000000eb700000|  0%| F|  |TAMS 0x00000000eb600000| PB 0x00000000eb600000| Untracked 
| 183|0x00000000eb700000, 0x00000000eb700000, 0x00000000eb800000|  0%| F|  |TAMS 0x00000000eb700000| PB 0x00000000eb700000| Untracked 
| 184|0x00000000eb800000, 0x00000000eb800000, 0x00000000eb900000|  0%| F|  |TAMS 0x00000000eb800000| PB 0x00000000eb800000| Untracked 
| 185|0x00000000eb900000, 0x00000000eb900000, 0x00000000eba00000|  0%| F|  |TAMS 0x00000000eb900000| PB 0x00000000eb900000| Untracked 
| 186|0x00000000eba00000, 0x00000000eba00000, 0x00000000ebb00000|  0%| F|  |TAMS 0x00000000eba00000| PB 0x00000000eba00000| Untracked 
| 187|0x00000000ebb00000, 0x00000000ebb00000, 0x00000000ebc00000|  0%| F|  |TAMS 0x00000000ebb00000| PB 0x00000000ebb00000| Untracked 
| 188|0x00000000ebc00000, 0x00000000ebc00000, 0x00000000ebd00000|  0%| F|  |TAMS 0x00000000ebc00000| PB 0x00000000ebc00000| Untracked 
| 189|0x00000000ebd00000, 0x00000000ebd00000, 0x00000000ebe00000|  0%| F|  |TAMS 0x00000000ebd00000| PB 0x00000000ebd00000| Untracked 
| 190|0x00000000ebe00000, 0x00000000ebe00000, 0x00000000ebf00000|  0%| F|  |TAMS 0x00000000ebe00000| PB 0x00000000ebe00000| Untracked 
| 191|0x00000000ebf00000, 0x00000000ebf00000, 0x00000000ec000000|  0%| F|  |TAMS 0x00000000ebf00000| PB 0x00000000ebf00000| Untracked 
| 192|0x00000000ec000000, 0x00000000ec000000, 0x00000000ec100000|  0%| F|  |TAMS 0x00000000ec000000| PB 0x00000000ec000000| Untracked 
| 193|0x00000000ec100000, 0x00000000ec100000, 0x00000000ec200000|  0%| F|  |TAMS 0x00000000ec100000| PB 0x00000000ec100000| Untracked 
| 194|0x00000000ec200000, 0x00000000ec200000, 0x00000000ec300000|  0%| F|  |TAMS 0x00000000ec200000| PB 0x00000000ec200000| Untracked 
| 195|0x00000000ec300000, 0x00000000ec300000, 0x00000000ec400000|  0%| F|  |TAMS 0x00000000ec300000| PB 0x00000000ec300000| Untracked 
| 196|0x00000000ec400000, 0x00000000ec400000, 0x00000000ec500000|  0%| F|  |TAMS 0x00000000ec400000| PB 0x00000000ec400000| Untracked 
| 197|0x00000000ec500000, 0x00000000ec500000, 0x00000000ec600000|  0%| F|  |TAMS 0x00000000ec500000| PB 0x00000000ec500000| Untracked 
| 198|0x00000000ec600000, 0x00000000ec600000, 0x00000000ec700000|  0%| F|  |TAMS 0x00000000ec600000| PB 0x00000000ec600000| Untracked 
| 199|0x00000000ec700000, 0x00000000ec700000, 0x00000000ec800000|  0%| F|  |TAMS 0x00000000ec700000| PB 0x00000000ec700000| Untracked 
| 200|0x00000000ec800000, 0x00000000ec800000, 0x00000000ec900000|  0%| F|  |TAMS 0x00000000ec800000| PB 0x00000000ec800000| Untracked 
| 201|0x00000000ec900000, 0x00000000ec900000, 0x00000000eca00000|  0%| F|  |TAMS 0x00000000ec900000| PB 0x00000000ec900000| Untracked 
| 202|0x00000000eca00000, 0x00000000eca00000, 0x00000000ecb00000|  0%| F|  |TAMS 0x00000000eca00000| PB 0x00000000eca00000| Untracked 
| 203|0x00000000ecb00000, 0x00000000ecb00000, 0x00000000ecc00000|  0%| F|  |TAMS 0x00000000ecb00000| PB 0x00000000ecb00000| Untracked 
| 204|0x00000000ecc00000, 0x00000000ecc00000, 0x00000000ecd00000|  0%| F|  |TAMS 0x00000000ecc00000| PB 0x00000000ecc00000| Untracked 
| 205|0x00000000ecd00000, 0x00000000ecd00000, 0x00000000ece00000|  0%| F|  |TAMS 0x00000000ecd00000| PB 0x00000000ecd00000| Untracked 
| 206|0x00000000ece00000, 0x00000000ece00000, 0x00000000ecf00000|  0%| F|  |TAMS 0x00000000ece00000| PB 0x00000000ece00000| Untracked 
| 207|0x00000000ecf00000, 0x00000000ecf00000, 0x00000000ed000000|  0%| F|  |TAMS 0x00000000ecf00000| PB 0x00000000ecf00000| Untracked 
| 208|0x00000000ed000000, 0x00000000ed000000, 0x00000000ed100000|  0%| F|  |TAMS 0x00000000ed000000| PB 0x00000000ed000000| Untracked 
| 209|0x00000000ed100000, 0x00000000ed100000, 0x00000000ed200000|  0%| F|  |TAMS 0x00000000ed100000| PB 0x00000000ed100000| Untracked 
| 210|0x00000000ed200000, 0x00000000ed200000, 0x00000000ed300000|  0%| F|  |TAMS 0x00000000ed200000| PB 0x00000000ed200000| Untracked 
| 211|0x00000000ed300000, 0x00000000ed300000, 0x00000000ed400000|  0%| F|  |TAMS 0x00000000ed300000| PB 0x00000000ed300000| Untracked 
| 212|0x00000000ed400000, 0x00000000ed400000, 0x00000000ed500000|  0%| F|  |TAMS 0x00000000ed400000| PB 0x00000000ed400000| Untracked 
| 213|0x00000000ed500000, 0x00000000ed500000, 0x00000000ed600000|  0%| F|  |TAMS 0x00000000ed500000| PB 0x00000000ed500000| Untracked 
| 214|0x00000000ed600000, 0x00000000ed600000, 0x00000000ed700000|  0%| F|  |TAMS 0x00000000ed600000| PB 0x00000000ed600000| Untracked 
| 215|0x00000000ed700000, 0x00000000ed700000, 0x00000000ed800000|  0%| F|  |TAMS 0x00000000ed700000| PB 0x00000000ed700000| Untracked 
| 216|0x00000000ed800000, 0x00000000ed800000, 0x00000000ed900000|  0%| F|  |TAMS 0x00000000ed800000| PB 0x00000000ed800000| Untracked 
| 217|0x00000000ed900000, 0x00000000ed900000, 0x00000000eda00000|  0%| F|  |TAMS 0x00000000ed900000| PB 0x00000000ed900000| Untracked 
| 218|0x00000000eda00000, 0x00000000eda00000, 0x00000000edb00000|  0%| F|  |TAMS 0x00000000eda00000| PB 0x00000000eda00000| Untracked 
| 219|0x00000000edb00000, 0x00000000edb00000, 0x00000000edc00000|  0%| F|  |TAMS 0x00000000edb00000| PB 0x00000000edb00000| Untracked 
| 220|0x00000000edc00000, 0x00000000edc00000, 0x00000000edd00000|  0%| F|  |TAMS 0x00000000edc00000| PB 0x00000000edc00000| Untracked 
| 221|0x00000000edd00000, 0x00000000edd00000, 0x00000000ede00000|  0%| F|  |TAMS 0x00000000edd00000| PB 0x00000000edd00000| Untracked 
| 222|0x00000000ede00000, 0x00000000ede00000, 0x00000000edf00000|  0%| F|  |TAMS 0x00000000ede00000| PB 0x00000000ede00000| Untracked 
| 223|0x00000000edf00000, 0x00000000edf00000, 0x00000000ee000000|  0%| F|  |TAMS 0x00000000edf00000| PB 0x00000000edf00000| Untracked 
| 224|0x00000000ee000000, 0x00000000ee000000, 0x00000000ee100000|  0%| F|  |TAMS 0x00000000ee000000| PB 0x00000000ee000000| Untracked 
| 225|0x00000000ee100000, 0x00000000ee100000, 0x00000000ee200000|  0%| F|  |TAMS 0x00000000ee100000| PB 0x00000000ee100000| Untracked 
| 226|0x00000000ee200000, 0x00000000ee200000, 0x00000000ee300000|  0%| F|  |TAMS 0x00000000ee200000| PB 0x00000000ee200000| Untracked 
| 227|0x00000000ee300000, 0x00000000ee300000, 0x00000000ee400000|  0%| F|  |TAMS 0x00000000ee300000| PB 0x00000000ee300000| Untracked 
| 228|0x00000000ee400000, 0x00000000ee400000, 0x00000000ee500000|  0%| F|  |TAMS 0x00000000ee400000| PB 0x00000000ee400000| Untracked 
| 229|0x00000000ee500000, 0x00000000ee500000, 0x00000000ee600000|  0%| F|  |TAMS 0x00000000ee500000| PB 0x00000000ee500000| Untracked 
| 230|0x00000000ee600000, 0x00000000ee600000, 0x00000000ee700000|  0%| F|  |TAMS 0x00000000ee600000| PB 0x00000000ee600000| Untracked 
| 231|0x00000000ee700000, 0x00000000ee700000, 0x00000000ee800000|  0%| F|  |TAMS 0x00000000ee700000| PB 0x00000000ee700000| Untracked 
| 232|0x00000000ee800000, 0x00000000ee800000, 0x00000000ee900000|  0%| F|  |TAMS 0x00000000ee800000| PB 0x00000000ee800000| Untracked 
| 233|0x00000000ee900000, 0x00000000ee900000, 0x00000000eea00000|  0%| F|  |TAMS 0x00000000ee900000| PB 0x00000000ee900000| Untracked 
| 234|0x00000000eea00000, 0x00000000eea00000, 0x00000000eeb00000|  0%| F|  |TAMS 0x00000000eea00000| PB 0x00000000eea00000| Untracked 
| 235|0x00000000eeb00000, 0x00000000eeb00000, 0x00000000eec00000|  0%| F|  |TAMS 0x00000000eeb00000| PB 0x00000000eeb00000| Untracked 
| 236|0x00000000eec00000, 0x00000000eec00000, 0x00000000eed00000|  0%| F|  |TAMS 0x00000000eec00000| PB 0x00000000eec00000| Untracked 
| 237|0x00000000eed00000, 0x00000000eed00000, 0x00000000eee00000|  0%| F|  |TAMS 0x00000000eed00000| PB 0x00000000eed00000| Untracked 
| 238|0x00000000eee00000, 0x00000000eee00000, 0x00000000eef00000|  0%| F|  |TAMS 0x00000000eee00000| PB 0x00000000eee00000| Untracked 
| 239|0x00000000eef00000, 0x00000000eef80800, 0x00000000ef000000| 50%| E|  |TAMS 0x00000000eef00000| PB 0x00000000eef00000| Complete 
| 240|0x00000000ef000000, 0x00000000ef100000, 0x00000000ef100000|100%| E|CS|TAMS 0x00000000ef000000| PB 0x00000000ef000000| Complete 
| 241|0x00000000ef100000, 0x00000000ef200000, 0x00000000ef200000|100%| E|CS|TAMS 0x00000000ef100000| PB 0x00000000ef100000| Complete 
| 242|0x00000000ef200000, 0x00000000ef300000, 0x00000000ef300000|100%| E|CS|TAMS 0x00000000ef200000| PB 0x00000000ef200000| Complete 
| 243|0x00000000ef300000, 0x00000000ef400000, 0x00000000ef400000|100%| E|CS|TAMS 0x00000000ef300000| PB 0x00000000ef300000| Complete 
| 244|0x00000000ef400000, 0x00000000ef500000, 0x00000000ef500000|100%| E|CS|TAMS 0x00000000ef400000| PB 0x00000000ef400000| Complete 
| 245|0x00000000ef500000, 0x00000000ef600000, 0x00000000ef600000|100%| E|CS|TAMS 0x00000000ef500000| PB 0x00000000ef500000| Complete 
| 246|0x00000000ef600000, 0x00000000ef700000, 0x00000000ef700000|100%| E|CS|TAMS 0x00000000ef600000| PB 0x00000000ef600000| Complete 
| 247|0x00000000ef700000, 0x00000000ef800000, 0x00000000ef800000|100%| E|CS|TAMS 0x00000000ef700000| PB 0x00000000ef700000| Complete 
| 248|0x00000000ef800000, 0x00000000ef900000, 0x00000000ef900000|100%| E|CS|TAMS 0x00000000ef800000| PB 0x00000000ef800000| Complete 
| 249|0x00000000ef900000, 0x00000000efa00000, 0x00000000efa00000|100%| E|CS|TAMS 0x00000000ef900000| PB 0x00000000ef900000| Complete 
| 250|0x00000000efa00000, 0x00000000efb00000, 0x00000000efb00000|100%| E|CS|TAMS 0x00000000efa00000| PB 0x00000000efa00000| Complete 
| 251|0x00000000efb00000, 0x00000000efc00000, 0x00000000efc00000|100%| E|CS|TAMS 0x00000000efb00000| PB 0x00000000efb00000| Complete 
| 252|0x00000000efc00000, 0x00000000efd00000, 0x00000000efd00000|100%| E|CS|TAMS 0x00000000efc00000| PB 0x00000000efc00000| Complete 
| 253|0x00000000efd00000, 0x00000000efe00000, 0x00000000efe00000|100%| E|CS|TAMS 0x00000000efd00000| PB 0x00000000efd00000| Complete 
| 254|0x00000000efe00000, 0x00000000eff00000, 0x00000000eff00000|100%| E|CS|TAMS 0x00000000efe00000| PB 0x00000000efe00000| Complete 
| 255|0x00000000eff00000, 0x00000000f0000000, 0x00000000f0000000|100%| E|CS|TAMS 0x00000000eff00000| PB 0x00000000eff00000| Complete 

Card table byte_map: [0x0000019f66cc0000,0x0000019f66dc0000] _byte_map_base: 0x0000019f665c0000

Marking Bits: (CMBitMap*) 0x0000019f4d966000
 Bits: [0x0000019f66dc0000, 0x0000019f675c0000)

Polling page: 0x0000019f4da10000

Metaspace:

Usage:
  Non-class:     49.68 MB used.
      Class:      8.32 MB used.
       Both:     58.00 MB used.

Virtual space:
  Non-class space:       64.00 MB reserved,      50.56 MB ( 79%) committed,  1 nodes.
      Class space:      320.00 MB reserved,       9.25 MB (  3%) committed,  1 nodes.
             Both:      384.00 MB reserved,      59.81 MB ( 16%) committed. 

Chunk freelists:
   Non-Class:  13.31 MB
       Class:  6.60 MB
        Both:  19.91 MB

MaxMetaspaceSize: 384.00 MB
CompressedClassSpaceSize: 320.00 MB
Initial GC threshold: 21.00 MB
Current GC threshold: 99.31 MB
CDS: on
 - commit_granule_bytes: 65536.
 - commit_granule_words: 8192.
 - virtual_space_node_default_size: 8388608.
 - enlarge_chunks_in_place: 1.
 - use_allocation_guard: 0.


Internal statistics:

num_allocs_failed_limit: 12.
num_arena_births: 3256.
num_arena_deaths: 0.
num_vsnodes_births: 2.
num_vsnodes_deaths: 0.
num_space_committed: 957.
num_space_uncommitted: 0.
num_chunks_returned_to_freelist: 12.
num_chunks_taken_from_freelist: 6055.
num_chunk_merges: 9.
num_chunk_splits: 3931.
num_chunks_enlarged: 2430.
num_inconsistent_stats: 0.

CodeHeap 'non-profiled nmethods': size=120000Kb used=4309Kb max_used=4637Kb free=115690Kb
 bounds [0x0000019f5f060000, 0x0000019f5f4f0000, 0x0000019f66590000]
CodeHeap 'profiled nmethods': size=120000Kb used=14800Kb max_used=14972Kb free=105199Kb
 bounds [0x0000019f57590000, 0x0000019f58430000, 0x0000019f5eac0000]
CodeHeap 'non-nmethods': size=5760Kb used=2766Kb max_used=2813Kb free=2993Kb
 bounds [0x0000019f5eac0000, 0x0000019f5ed90000, 0x0000019f5f060000]
 total_blobs=8357 nmethods=7465 adapters=795
 compilation: enabled
              stopped_count=0, restarted_count=0
 full_count=0

Compilation events (20 events):
Event: 11.305 Thread 0x0000019f69c04910 nmethod 8076 0x0000019f57705690 code [0x0000019f57705880, 0x0000019f57705c98]
Event: 11.305 Thread 0x0000019f69c04910 8077       3       org.codehaus.groovy.reflection.ClassInfo$1::computeValue (6 bytes)
Event: 11.305 Thread 0x0000019f69c04910 nmethod 8077 0x0000019f5784ed10 code [0x0000019f5784ef00, 0x0000019f5784f260]
Event: 11.305 Thread 0x0000019f69c04910 8078       3       org.codehaus.groovy.reflection.ClassInfo$1::computeValue (18 bytes)
Event: 11.306 Thread 0x0000019f69c04910 nmethod 8078 0x0000019f57cb1890 code [0x0000019f57cb1a60, 0x0000019f57cb1d50]
Event: 11.306 Thread 0x0000019f69c04910 8079       3       org.codehaus.groovy.reflection.ClassInfo::<init> (88 bytes)
Event: 11.306 Thread 0x0000019f69c04910 nmethod 8079 0x0000019f576f0810 code [0x0000019f576f0ae0, 0x0000019f576f1cb0]
Event: 11.306 Thread 0x0000019f69c04910 8080       3       org.codehaus.groovy.reflection.ClassInfo$LazyCachedClassRef::<init> (11 bytes)
Event: 11.306 Thread 0x0000019f69c04910 nmethod 8080 0x0000019f57946790 code [0x0000019f57946960, 0x0000019f57946d60]
Event: 11.307 Thread 0x0000019f69c04910 8081   !   3       org.gradle.internal.classloader.FilteringClassLoader::loadClass (62 bytes)
Event: 11.307 Thread 0x0000019f69c04910 nmethod 8081 0x0000019f576e8690 code [0x0000019f576e8940, 0x0000019f576e9508]
Event: 11.307 Thread 0x0000019f69c04910 8082       3       java.lang.reflect.Type::getTypeName (7 bytes)
Event: 11.307 Thread 0x0000019f69c04910 nmethod 8082 0x0000019f57732b90 code [0x0000019f57732d40, 0x0000019f57732f08]
Event: 11.309 Thread 0x0000019f69c04910 8084       3       java.beans.FeatureDescriptor::<init> (137 bytes)
Event: 11.310 Thread 0x0000019f69c04910 nmethod 8084 0x0000019f5787b490 code [0x0000019f5787b740, 0x0000019f5787c550]
Event: 11.310 Thread 0x0000019f69c04910 8085   !   3       com.sun.beans.util.Cache::removeStaleEntries (163 bytes)
Event: 11.310 Thread 0x0000019f69c04910 nmethod 8085 0x0000019f57a1dd90 code [0x0000019f57a1dfe0, 0x0000019f57a1eca0]
Event: 11.310 Thread 0x0000019f69c04910 8087       3       com.sun.beans.introspect.PropertyInfo$$Lambda/0x0000019f6b557d50::test (8 bytes)
Event: 11.311 Thread 0x0000019f69c04910 nmethod 8087 0x0000019f57961b10 code [0x0000019f57961ce0, 0x0000019f57961fc8]
Event: 11.311 Thread 0x0000019f69c04910 8088       3       java.beans.PropertyDescriptor::setReadMethod0 (49 bytes)

GC Heap History (18 events):
Event: 0.379 GC heap before
{Heap before GC invocations=0 (full 0):
 garbage-first heap   total 262144K, used 13312K [0x00000000e0000000, 0x0000000100000000)
  region size 1024K, 13 young (13312K), 0 survivors (0K)
 Metaspace       used 863K, committed 1024K, reserved 393216K
  class space    used 72K, committed 128K, reserved 327680K
}
Event: 0.381 GC heap after
{Heap after GC invocations=1 (full 0):
 garbage-first heap   total 262144K, used 2001K [0x00000000e0000000, 0x0000000100000000)
  region size 1024K, 2 young (2048K), 2 survivors (2048K)
 Metaspace       used 863K, committed 1024K, reserved 393216K
  class space    used 72K, committed 128K, reserved 327680K
}
Event: 0.889 GC heap before
{Heap before GC invocations=1 (full 0):
 garbage-first heap   total 262144K, used 22481K [0x00000000e0000000, 0x0000000100000000)
  region size 1024K, 19 young (19456K), 2 survivors (2048K)
 Metaspace       used 3455K, committed 3648K, reserved 393216K
  class space    used 436K, committed 512K, reserved 327680K
}
Event: 0.894 GC heap after
{Heap after GC invocations=2 (full 0):
 garbage-first heap   total 262144K, used 11489K [0x00000000e0000000, 0x0000000100000000)
  region size 1024K, 3 young (3072K), 3 survivors (3072K)
 Metaspace       used 3455K, committed 3648K, reserved 393216K
  class space    used 436K, committed 512K, reserved 327680K
}
Event: 3.406 GC heap before
{Heap before GC invocations=2 (full 0):
 garbage-first heap   total 262144K, used 147681K [0x00000000e0000000, 0x0000000100000000)
  region size 1024K, 136 young (139264K), 3 survivors (3072K)
 Metaspace       used 20810K, committed 21504K, reserved 393216K
  class space    used 3014K, committed 3328K, reserved 327680K
}
Event: 3.424 GC heap after
{Heap after GC invocations=3 (full 0):
 garbage-first heap   total 262144K, used 24324K [0x00000000e0000000, 0x0000000100000000)
  region size 1024K, 15 young (15360K), 15 survivors (15360K)
 Metaspace       used 20810K, committed 21504K, reserved 393216K
  class space    used 3014K, committed 3328K, reserved 327680K
}
Event: 6.311 GC heap before
{Heap before GC invocations=4 (full 0):
 garbage-first heap   total 262144K, used 102148K [0x00000000e0000000, 0x0000000100000000)
  region size 1024K, 92 young (94208K), 15 survivors (15360K)
 Metaspace       used 31685K, committed 32896K, reserved 393216K
  class space    used 4727K, committed 5312K, reserved 327680K
}
Event: 6.326 GC heap after
{Heap after GC invocations=5 (full 0):
 garbage-first heap   total 262144K, used 29525K [0x00000000e0000000, 0x0000000100000000)
  region size 1024K, 5 young (5120K), 5 survivors (5120K)
 Metaspace       used 31685K, committed 32896K, reserved 393216K
  class space    used 4727K, committed 5312K, reserved 327680K
}
Event: 6.472 GC heap before
{Heap before GC invocations=5 (full 0):
 garbage-first heap   total 262144K, used 38741K [0x00000000e0000000, 0x0000000100000000)
  region size 1024K, 16 young (16384K), 5 survivors (5120K)
 Metaspace       used 34803K, committed 35968K, reserved 393216K
  class space    used 5048K, committed 5632K, reserved 327680K
}
Event: 6.477 GC heap after
{Heap after GC invocations=6 (full 0):
 garbage-first heap   total 262144K, used 31213K [0x00000000e0000000, 0x0000000100000000)
  region size 1024K, 7 young (7168K), 7 survivors (7168K)
 Metaspace       used 34803K, committed 35968K, reserved 393216K
  class space    used 5048K, committed 5632K, reserved 327680K
}
Event: 6.504 GC heap before
{Heap before GC invocations=6 (full 0):
 garbage-first heap   total 262144K, used 32237K [0x00000000e0000000, 0x0000000100000000)
  region size 1024K, 10 young (10240K), 7 survivors (7168K)
 Metaspace       used 35107K, committed 36288K, reserved 393216K
  class space    used 5082K, committed 5696K, reserved 327680K
}
Event: 6.510 GC heap after
{Heap after GC invocations=7 (full 0):
 garbage-first heap   total 262144K, used 33260K [0x00000000e0000000, 0x0000000100000000)
  region size 1024K, 9 young (9216K), 9 survivors (9216K)
 Metaspace       used 35107K, committed 36288K, reserved 393216K
  class space    used 5082K, committed 5696K, reserved 327680K
}
Event: 7.551 GC heap before
{Heap before GC invocations=8 (full 0):
 garbage-first heap   total 262144K, used 120300K [0x00000000e0000000, 0x0000000100000000)
  region size 1024K, 90 young (92160K), 9 survivors (9216K)
 Metaspace       used 40355K, committed 41600K, reserved 393216K
  class space    used 5764K, committed 6336K, reserved 327680K
}
Event: 7.567 GC heap after
{Heap after GC invocations=9 (full 0):
 garbage-first heap   total 262144K, used 38185K [0x00000000e0000000, 0x0000000100000000)
  region size 1024K, 9 young (9216K), 9 survivors (9216K)
 Metaspace       used 40355K, committed 41600K, reserved 393216K
  class space    used 5764K, committed 6336K, reserved 327680K
}
Event: 9.063 GC heap before
{Heap before GC invocations=9 (full 0):
 garbage-first heap   total 262144K, used 185641K [0x00000000e0000000, 0x0000000100000000)
  region size 1024K, 153 young (156672K), 9 survivors (9216K)
 Metaspace       used 46378K, committed 47808K, reserved 393216K
  class space    used 6511K, committed 7232K, reserved 327680K
}
Event: 9.080 GC heap after
{Heap after GC invocations=10 (full 0):
 garbage-first heap   total 262144K, used 44901K [0x00000000e0000000, 0x0000000100000000)
  region size 1024K, 16 young (16384K), 16 survivors (16384K)
 Metaspace       used 46378K, committed 47808K, reserved 393216K
  class space    used 6511K, committed 7232K, reserved 327680K
}
Event: 11.167 GC heap before
{Heap before GC invocations=10 (full 0):
 garbage-first heap   total 262144K, used 164709K [0x00000000e0000000, 0x0000000100000000)
  region size 1024K, 132 young (135168K), 16 survivors (16384K)
 Metaspace       used 58914K, committed 60736K, reserved 393216K
  class space    used 8438K, committed 9280K, reserved 327680K
}
Event: 11.189 GC heap after
{Heap after GC invocations=11 (full 0):
 garbage-first heap   total 262144K, used 51712K [0x00000000e0000000, 0x0000000100000000)
  region size 1024K, 16 young (16384K), 16 survivors (16384K)
 Metaspace       used 58914K, committed 60736K, reserved 393216K
  class space    used 8438K, committed 9280K, reserved 327680K
}

Dll operation events (15 events):
Event: 0.008 Loaded shared library C:\Program Files\Java\jdk-21\bin\java.dll
Event: 0.045 Loaded shared library C:\Program Files\Java\jdk-21\bin\jsvml.dll
Event: 0.084 Loaded shared library C:\Program Files\Java\jdk-21\bin\zip.dll
Event: 0.087 Loaded shared library C:\Program Files\Java\jdk-21\bin\instrument.dll
Event: 0.091 Loaded shared library C:\Program Files\Java\jdk-21\bin\net.dll
Event: 0.092 Loaded shared library C:\Program Files\Java\jdk-21\bin\nio.dll
Event: 0.096 Loaded shared library C:\Program Files\Java\jdk-21\bin\zip.dll
Event: 0.385 Loaded shared library C:\Program Files\Java\jdk-21\bin\jimage.dll
Event: 0.462 Loaded shared library C:\Program Files\Java\jdk-21\bin\verify.dll
Event: 0.585 Loaded shared library C:\Users\user\.gradle\native\c067742578af261105cb4f569cf0c3c89f3d7b1fecec35dd04571415982c5e48\windows-amd64\native-platform.dll
Event: 0.589 Loaded shared library C:\Users\user\.gradle\native\100fb08df4bc3b14c8652ba06237920a3bd2aa13389f12d3474272988ae205f9\windows-amd64\native-platform-file-events.dll
Event: 1.853 Loaded shared library C:\Program Files\Java\jdk-21\bin\management.dll
Event: 1.855 Loaded shared library C:\Program Files\Java\jdk-21\bin\management_ext.dll
Event: 2.015 Loaded shared library C:\Program Files\Java\jdk-21\bin\extnet.dll
Event: 2.117 Loaded shared library C:\Program Files\Java\jdk-21\bin\sunmscapi.dll

Deoptimization events (20 events):
Event: 10.959 Thread 0x0000019f050b1000 DEOPT PACKING pc=0x0000019f5f344270 sp=0x00000033a0df8390
Event: 10.959 Thread 0x0000019f050b1000 DEOPT UNPACKING pc=0x0000019f5eb146a2 sp=0x00000033a0df8330 mode 2
Event: 11.107 Thread 0x0000019f050b1000 Uncommon trap: trap_request=0xffffff76 fr.pc=0x0000019f5f28b5dc relative=0x000000000000021c
Event: 11.107 Thread 0x0000019f050b1000 Uncommon trap: reason=predicate action=maybe_recompile pc=0x0000019f5f28b5dc method=sun.instrument.TransformerManager.transform(Ljava/lang/Module;Ljava/lang/ClassLoader;Ljava/lang/String;Ljava/lang/Class;Ljava/security/ProtectionDomain;[B)[B @ 21 c2
Event: 11.107 Thread 0x0000019f050b1000 DEOPT PACKING pc=0x0000019f5f28b5dc sp=0x00000033a0df7910
Event: 11.107 Thread 0x0000019f050b1000 DEOPT UNPACKING pc=0x0000019f5eb146a2 sp=0x00000033a0df77e0 mode 2
Event: 11.148 Thread 0x0000019f050b1000 DEOPT PACKING pc=0x0000019f57a86741 sp=0x00000033a0df7c80
Event: 11.148 Thread 0x0000019f050b1000 DEOPT UNPACKING pc=0x0000019f5eb14e42 sp=0x00000033a0df7180 mode 0
Event: 11.281 Thread 0x0000019f050b1000 Uncommon trap: trap_request=0xffffffdc fr.pc=0x0000019f5f2060b8 relative=0x0000000000000278
Event: 11.281 Thread 0x0000019f050b1000 Uncommon trap: reason=class_check action=make_not_entrant pc=0x0000019f5f2060b8 method=java.util.ArrayList.toArray([Ljava/lang/Object;)[Ljava/lang/Object; @ 21 c2
Event: 11.281 Thread 0x0000019f050b1000 DEOPT PACKING pc=0x0000019f5f2060b8 sp=0x00000033a0df8be0
Event: 11.281 Thread 0x0000019f050b1000 DEOPT UNPACKING pc=0x0000019f5eb146a2 sp=0x00000033a0df8ba0 mode 2
Event: 11.296 Thread 0x0000019f050b1000 Uncommon trap: trap_request=0xffffffbe fr.pc=0x0000019f5f211ccc relative=0x000000000000034c
Event: 11.296 Thread 0x0000019f050b1000 Uncommon trap: reason=profile_predicate action=maybe_recompile pc=0x0000019f5f211ccc method=sun.instrument.TransformerManager.transform(Ljava/lang/Module;Ljava/lang/ClassLoader;Ljava/lang/String;Ljava/lang/Class;Ljava/security/ProtectionDomain;[B)[B @ 21 
Event: 11.296 Thread 0x0000019f050b1000 DEOPT PACKING pc=0x0000019f5f211ccc sp=0x00000033a0df83c0
Event: 11.296 Thread 0x0000019f050b1000 DEOPT UNPACKING pc=0x0000019f5eb146a2 sp=0x00000033a0df8290 mode 2
Event: 11.308 Thread 0x0000019f050b1000 Uncommon trap: trap_request=0xffffff45 fr.pc=0x0000019f5f132fc4 relative=0x00000000000000a4
Event: 11.308 Thread 0x0000019f050b1000 Uncommon trap: reason=unstable_if action=reinterpret pc=0x0000019f5f132fc4 method=java.lang.ref.ReferenceQueue.poll()Ljava/lang/ref/Reference; @ 4 c2
Event: 11.308 Thread 0x0000019f050b1000 DEOPT PACKING pc=0x0000019f5f132fc4 sp=0x00000033a0df8930
Event: 11.308 Thread 0x0000019f050b1000 DEOPT UNPACKING pc=0x0000019f5eb146a2 sp=0x00000033a0df8818 mode 2

Classes loaded (20 events):
Event: 10.744 Loading class com/sun/org/apache/xerces/internal/utils/XMLSecurityManager$Limit
Event: 10.744 Loading class com/sun/org/apache/xerces/internal/utils/XMLSecurityManager$Limit done
Event: 10.744 Loading class com/sun/org/apache/xerces/internal/utils/XMLSecurityManager$NameMap
Event: 10.744 Loading class com/sun/org/apache/xerces/internal/utils/XMLSecurityManager$NameMap done
Event: 10.744 Loading class com/sun/org/apache/xerces/internal/utils/XMLSecurityPropertyManager
Event: 10.744 Loading class com/sun/org/apache/xerces/internal/utils/XMLSecurityPropertyManager done
Event: 10.744 Loading class com/sun/org/apache/xerces/internal/utils/XMLSecurityPropertyManager$State
Event: 10.744 Loading class com/sun/org/apache/xerces/internal/utils/XMLSecurityPropertyManager$State done
Event: 10.744 Loading class com/sun/org/apache/xerces/internal/utils/XMLSecurityPropertyManager$Property
Event: 10.744 Loading class com/sun/org/apache/xerces/internal/utils/XMLSecurityPropertyManager$Property done
Event: 10.804 Loading class java/util/regex/Pattern$SliceI
Event: 10.804 Loading class java/util/regex/Pattern$SliceI done
Event: 11.154 Loading class java/lang/ThreadDeath
Event: 11.154 Loading class java/lang/ThreadDeath done
Event: 11.154 Loading class sun/misc/SharedSecrets
Event: 11.154 Loading class sun/misc/SharedSecrets done
Event: 11.245 Loading class java/io/PrintWriter$1
Event: 11.245 Loading class jdk/internal/access/JavaIOPrintWriterAccess
Event: 11.245 Loading class jdk/internal/access/JavaIOPrintWriterAccess done
Event: 11.245 Loading class java/io/PrintWriter$1 done

Classes unloaded (0 events):
No events

Classes redefined (0 events):
No events

Internal exceptions (20 events):
Event: 10.172 Thread 0x0000019f050b1000 Exception <a 'java/lang/NoSuchMethodError'{0x00000000ec2d4ba8}: 'java.lang.Object java.lang.invoke.DirectMethodHandle$Holder.newInvokeSpecial(java.lang.Object, java.lang.Object, int)'> (0x00000000ec2d4ba8) 
thrown [s\open\src\hotspot\share\interpreter\linkResolver.cpp, line 773]
Event: 10.269 Thread 0x0000019f050b1000 Exception <a 'java/lang/NoSuchMethodError'{0x00000000ebd450c8}: 'java.lang.Object java.lang.invoke.DirectMethodHandle$Holder.newInvokeSpecial(java.lang.Object, java.lang.Object, java.lang.Object, java.lang.Object, int, java.lang.Object)'> (0x00000000ebd450c8) 
thrown [s\open\src\hotspot\share\interpreter\linkResolver.cpp, line 773]
Event: 10.269 Thread 0x0000019f050b1000 Exception <a 'java/lang/NoSuchMethodError'{0x00000000ebd49e48}: 'java.lang.Object java.lang.invoke.Invokers$Holder.linkToTargetMethod(java.lang.Object, java.lang.Object, java.lang.Object, int, java.lang.Object, java.lang.Object)'> (0x00000000ebd49e48) 
thrown [s\open\src\hotspot\share\interpreter\linkResolver.cpp, line 773]
Event: 10.411 Thread 0x0000019f050b1000 Exception <a 'java/lang/NoSuchMethodError'{0x00000000eb701cf8}: 'java.lang.Object java.lang.invoke.DirectMethodHandle$Holder.invokeSpecialIFC(java.lang.Object, java.lang.Object, java.lang.Object)'> (0x00000000eb701cf8) 
thrown [s\open\src\hotspot\share\interpreter\linkResolver.cpp, line 773]
Event: 10.746 Thread 0x0000019f050b1000 Exception <a 'java/lang/NoSuchMethodError'{0x00000000ea51c2b8}: 'java.lang.Object java.lang.invoke.DirectMethodHandle$Holder.newInvokeSpecial(java.lang.Object, java.lang.Object, java.lang.Object, java.lang.Object, java.lang.Object, java.lang.Object, java.lang.Object, java.lang.Object, java.lang.Object, java.lang.Object, java.lang.Object, java.lang.Object, java.lang.Object, java.lang.Object, java.lang.Object, java.lang.Object)'> (0x00000000ea51c2b8) 
thrown [s\open\src\hotspot\share\interpreter\linkResolver
Event: 10.746 Thread 0x0000019f050b1000 Exception <a 'java/lang/NoSuchMethodError'{0x00000000ea522c18}: 'java.lang.Object java.lang.invoke.DirectMethodHandle$Holder.invokeSpecial(java.lang.Object, java.lang.Object, java.lang.Object, java.lang.Object, java.lang.Object, java.lang.Object, java.lang.Object, java.lang.Object, java.lang.Object, java.lang.Object, java.lang.Object, java.lang.Object, java.lang.Object, java.lang.Object, java.lang.Object, java.lang.Object, java.lang.Object)'> (0x00000000ea522c18) 
thrown [s\open\src\hotspot\share\interpret
Event: 10.746 Thread 0x0000019f050b1000 Exception <a 'java/lang/NoSuchMethodError'{0x00000000ea528500}: 'java.lang.Object java.lang.invoke.DelegatingMethodHandle$Holder.reinvoke_L(java.lang.Object, java.lang.Object, java.lang.Object, java.lang.Object, java.lang.Object, java.lang.Object, java.lang.Object, java.lang.Object, java.lang.Object, java.lang.Object, java.lang.Object, java.lang.Object, java.lang.Object, java.lang.Object, java.lang.Object, java.lang.Object)'> (0x00000000ea528500) 
thrown [s\open\src\hotspot\share\interpreter\linkResolver.c
Event: 11.008 Thread 0x0000019f050b1000 Exception <a 'java/lang/NoSuchMethodError'{0x00000000e967f9d8}: 'java.lang.Object java.lang.invoke.DirectMethodHandle$Holder.newInvokeSpecial(java.lang.Object, java.lang.Object, java.lang.Object, java.lang.Object, java.lang.Object, java.lang.Object, java.lang.Object, java.lang.Object, java.lang.Object, java.lang.Object, java.lang.Object, java.lang.Object, java.lang.Object, java.lang.Object, java.lang.Object, java.lang.Object, java.lang.Object, java.lang.Object, java.lang.Object, java.lang.Object, java.lang
Event: 11.154 Thread 0x0000019f050b1000 Exception <a 'java/lang/ClassNotFoundException'{0x00000000e8db1638}: sun/misc/SharedSecrets> (0x00000000e8db1638) 
thrown [s\open\src\hotspot\share\classfile\systemDictionary.cpp, line 312]
Event: 11.154 Thread 0x0000019f050b1000 Exception <a 'java/lang/NoClassDefFoundError'{0x00000000e8db2990}: org/jetbrains/kotlin/gradle/plugin/KotlinPluginWrapper> (0x00000000e8db2990) 
thrown [s\open\src\hotspot\share\classfile\systemDictionary.cpp, line 301]
Event: 11.154 Thread 0x0000019f050b1000 Exception <a 'java/lang/NoClassDefFoundError'{0x00000000e8db83c0}: org/graalvm/buildtools/gradle/NativeImagePlugin> (0x00000000e8db83c0) 
thrown [s\open\src\hotspot\share\classfile\systemDictionary.cpp, line 301]
Event: 11.211 Thread 0x0000019f050b1000 Exception <a 'java/lang/ClassNotFoundException'{0x00000000eff6fbc8}: io/spring/gradle/dependencymanagement/internal/dsl/StandardDependencyManagementExtensionBeanInfo> (0x00000000eff6fbc8) 
thrown [s\open\src\hotspot\share\classfile\systemDictionary.cpp, line 312]
Event: 11.212 Thread 0x0000019f050b1000 Exception <a 'java/lang/ClassNotFoundException'{0x00000000eff78ef0}: io/spring/gradle/dependencymanagement/internal/dsl/StandardDependencyManagementExtensionCustomizer> (0x00000000eff78ef0) 
thrown [s\open\src\hotspot\share\classfile\systemDictionary.cpp, line 312]
Event: 11.276 Thread 0x0000019f050b1000 Exception <a 'java/lang/ClassNotFoundException'{0x00000000efb2d6d0}: io/spring/gradle/dependencymanagement/internal/dsl/StandardImportsHandlerBeanInfo> (0x00000000efb2d6d0) 
thrown [s\open\src\hotspot\share\classfile\systemDictionary.cpp, line 312]
Event: 11.277 Thread 0x0000019f050b1000 Exception <a 'java/lang/ClassNotFoundException'{0x00000000efb36b68}: io/spring/gradle/dependencymanagement/internal/dsl/StandardImportsHandlerCustomizer> (0x00000000efb36b68) 
thrown [s\open\src\hotspot\share\classfile\systemDictionary.cpp, line 312]
Event: 11.299 Thread 0x0000019f050b1000 Exception <a 'java/lang/ClassNotFoundException'{0x00000000efa2d1c8}: build_4mf699ho6fydicjelhkak20wsBeanInfo> (0x00000000efa2d1c8) 
thrown [s\open\src\hotspot\share\classfile\systemDictionary.cpp, line 312]
Event: 11.299 Thread 0x0000019f050b1000 Exception <a 'java/lang/ClassNotFoundException'{0x00000000efa33c28}: build_4mf699ho6fydicjelhkak20wsCustomizer> (0x00000000efa33c28) 
thrown [s\open\src\hotspot\share\classfile\systemDictionary.cpp, line 312]
Event: 11.306 Thread 0x0000019f050b1000 Exception <a 'java/lang/ClassNotFoundException'{0x00000000ef912aa8}: org/gradle/api/internal/project/DefaultProject_DecoratedBeanInfo> (0x00000000ef912aa8) 
thrown [s\open\src\hotspot\share\classfile\systemDictionary.cpp, line 312]
Event: 11.306 Thread 0x0000019f050b1000 Exception <a 'java/lang/ClassNotFoundException'{0x00000000ef9232e8}: org/gradle/api/internal/project/DefaultProjectBeanInfo> (0x00000000ef9232e8) 
thrown [s\open\src\hotspot\share\classfile\systemDictionary.cpp, line 312]
Event: 11.307 Thread 0x0000019f050b1000 Exception <a 'java/lang/ClassNotFoundException'{0x00000000ef933c28}: org/gradle/api/internal/project/DefaultProjectCustomizer> (0x00000000ef933c28) 
thrown [s\open\src\hotspot\share\classfile\systemDictionary.cpp, line 312]

ZGC Phase Switch (0 events):
No events

VM Operations (20 events):
Event: 9.826 Executing VM operation: ICBufferFull
Event: 9.826 Executing VM operation: ICBufferFull done
Event: 10.035 Executing VM operation: HandshakeAllThreads (Deoptimize)
Event: 10.035 Executing VM operation: HandshakeAllThreads (Deoptimize) done
Event: 10.042 Executing VM operation: HandshakeAllThreads (Deoptimize)
Event: 10.042 Executing VM operation: HandshakeAllThreads (Deoptimize) done
Event: 10.233 Executing VM operation: ICBufferFull
Event: 10.233 Executing VM operation: ICBufferFull done
Event: 10.264 Executing VM operation: HandshakeAllThreads (Deoptimize)
Event: 10.264 Executing VM operation: HandshakeAllThreads (Deoptimize) done
Event: 10.559 Executing VM operation: ICBufferFull
Event: 10.561 Executing VM operation: ICBufferFull done
Event: 10.859 Executing VM operation: ICBufferFull
Event: 10.859 Executing VM operation: ICBufferFull done
Event: 11.167 Executing VM operation: CollectForMetadataAllocation (Metadata GC Threshold)
Event: 11.200 Executing VM operation: CollectForMetadataAllocation (Metadata GC Threshold) done
Event: 11.231 Executing VM operation: G1PauseRemark
Event: 11.237 Executing VM operation: G1PauseRemark done
Event: 11.250 Executing VM operation: G1PauseCleanup
Event: 11.251 Executing VM operation: G1PauseCleanup done

Events (20 events):
Event: 11.236 Thread 0x0000019f4d7f86c0 flushing nmethod 0x0000019f5f1f6610
Event: 11.236 Thread 0x0000019f4d7f86c0 flushing nmethod 0x0000019f5f1d2910
Event: 11.236 Thread 0x0000019f4d7f86c0 flushing nmethod 0x0000019f5f1f0990
Event: 11.236 Thread 0x0000019f4d7f86c0 flushing nmethod 0x0000019f5f1efd10
Event: 11.236 Thread 0x0000019f4d7f86c0 flushing nmethod 0x0000019f5f1ab310
Event: 11.236 Thread 0x0000019f4d7f86c0 flushing nmethod 0x0000019f5f1a4e90
Event: 11.236 Thread 0x0000019f4d7f86c0 flushing nmethod 0x0000019f5f171d90
Event: 11.236 Thread 0x0000019f4d7f86c0 flushing nmethod 0x0000019f5f1a1d10
Event: 11.236 Thread 0x0000019f4d7f86c0 flushing nmethod 0x0000019f5f187590
Event: 11.236 Thread 0x0000019f4d7f86c0 flushing nmethod 0x0000019f5f176090
Event: 11.236 Thread 0x0000019f4d7f86c0 flushing nmethod 0x0000019f5f161c10
Event: 11.236 Thread 0x0000019f4d7f86c0 flushing nmethod 0x0000019f5f121f90
Event: 11.236 Thread 0x0000019f4d7f86c0 flushing nmethod 0x0000019f5f145010
Event: 11.236 Thread 0x0000019f4d7f86c0 flushing nmethod 0x0000019f5f12a110
Event: 11.236 Thread 0x0000019f4d7f86c0 flushing nmethod 0x0000019f5f0bfb90
Event: 11.236 Thread 0x0000019f4d7f86c0 flushing nmethod 0x0000019f5f0d6690
Event: 11.236 Thread 0x0000019f4d7f86c0 flushing nmethod 0x0000019f5f0f3810
Event: 11.236 Thread 0x0000019f4d7f86c0 flushing nmethod 0x0000019f5f0e4f90
Event: 11.236 Thread 0x0000019f4d7f86c0 flushing nmethod 0x0000019f5f098490
Event: 11.236 Thread 0x0000019f4d7f86c0 flushing nmethod 0x0000019f5f060a10


Dynamic libraries:
0x00007ff7d9d60000 - 0x00007ff7d9d70000 	C:\Program Files\Java\jdk-21\bin\java.exe
0x00007ffe43dd0000 - 0x00007ffe43fc8000 	C:\Windows\SYSTEM32\ntdll.dll
0x00007ffe426b0000 - 0x00007ffe42771000 	C:\Windows\System32\KERNEL32.DLL
0x00007ffe41520000 - 0x00007ffe41816000 	C:\Windows\System32\KERNELBASE.dll
0x00007ffe41d00000 - 0x00007ffe41e00000 	C:\Windows\System32\ucrtbase.dll
0x00007ffe36810000 - 0x00007ffe36829000 	C:\Program Files\Java\jdk-21\bin\jli.dll
0x00007ffe36780000 - 0x00007ffe3679b000 	C:\Program Files\Java\jdk-21\bin\VCRUNTIME140.dll
0x00007ffe43ce0000 - 0x00007ffe43d90000 	C:\Windows\System32\ADVAPI32.dll
0x00007ffe42b50000 - 0x00007ffe42bee000 	C:\Windows\System32\msvcrt.dll
0x00007ffe42a30000 - 0x00007ffe42ad0000 	C:\Windows\System32\sechost.dll
0x00007ffe43230000 - 0x00007ffe43353000 	C:\Windows\System32\RPCRT4.dll
0x00007ffe41cd0000 - 0x00007ffe41cf7000 	C:\Windows\System32\bcrypt.dll
0x00007ffe421c0000 - 0x00007ffe4235f000 	C:\Windows\System32\USER32.dll
0x00007ffe41ad0000 - 0x00007ffe41af2000 	C:\Windows\System32\win32u.dll
0x00007ffe434d0000 - 0x00007ffe434fb000 	C:\Windows\System32\GDI32.dll
0x00007ffe41870000 - 0x00007ffe41987000 	C:\Windows\System32\gdi32full.dll
0x00007ffe41480000 - 0x00007ffe4151d000 	C:\Windows\System32\msvcp_win.dll
0x00007ffe37ea0000 - 0x00007ffe3813a000 	C:\Windows\WinSxS\amd64_microsoft.windows.common-controls_6595b64144ccf1df_6.0.19041.4355_none_60b8b9eb71f62e16\COMCTL32.dll
0x00007ffe3d4c0000 - 0x00007ffe3d4ca000 	C:\Windows\SYSTEM32\VERSION.dll
0x00007ffe42480000 - 0x00007ffe424af000 	C:\Windows\System32\IMM32.DLL
0x00007ffe40890000 - 0x00007ffe4089c000 	C:\Program Files\Java\jdk-21\bin\vcruntime140_1.dll
0x00007ffe22fc0000 - 0x00007ffe2304e000 	C:\Program Files\Java\jdk-21\bin\msvcp140.dll
0x00007ffdc0590000 - 0x00007ffdc129d000 	C:\Program Files\Java\jdk-21\bin\server\jvm.dll
0x00007ffe425c0000 - 0x00007ffe4262b000 	C:\Windows\System32\WS2_32.dll
0x00007ffe40ec0000 - 0x00007ffe40f0b000 	C:\Windows\SYSTEM32\POWRPROF.dll
0x00007ffe2cca0000 - 0x00007ffe2ccc7000 	C:\Windows\SYSTEM32\WINMM.dll
0x00007ffe40ae0000 - 0x00007ffe40af2000 	C:\Windows\SYSTEM32\UMPDC.dll
0x00007ffe3f640000 - 0x00007ffe3f652000 	C:\Windows\SYSTEM32\kernel.appcore.dll
0x00007ffe3d6e0000 - 0x00007ffe3d6ea000 	C:\Program Files\Java\jdk-21\bin\jimage.dll
0x00007ffe40cd0000 - 0x00007ffe40eb4000 	C:\Windows\SYSTEM32\DBGHELP.DLL
0x00007ffe40c10000 - 0x00007ffe40c44000 	C:\Windows\SYSTEM32\dbgcore.DLL
0x00007ffe41a40000 - 0x00007ffe41ac2000 	C:\Windows\System32\bcryptPrimitives.dll
0x00007ffe36770000 - 0x00007ffe3677f000 	C:\Program Files\Java\jdk-21\bin\instrument.dll
0x00007ffe36670000 - 0x00007ffe3668f000 	C:\Program Files\Java\jdk-21\bin\java.dll
0x00007ffe43500000 - 0x00007ffe43c6c000 	C:\Windows\System32\SHELL32.dll
0x00007ffe3eda0000 - 0x00007ffe3f53e000 	C:\Windows\SYSTEM32\windows.storage.dll
0x00007ffe41e60000 - 0x00007ffe421b3000 	C:\Windows\System32\combase.dll
0x00007ffe407a0000 - 0x00007ffe407ce000 	C:\Windows\SYSTEM32\Wldp.dll
0x00007ffe42780000 - 0x00007ffe4284d000 	C:\Windows\System32\OLEAUT32.dll
0x00007ffe42980000 - 0x00007ffe42a2d000 	C:\Windows\System32\SHCORE.dll
0x00007ffe42ae0000 - 0x00007ffe42b35000 	C:\Windows\System32\shlwapi.dll
0x00007ffe413b0000 - 0x00007ffe413d4000 	C:\Windows\SYSTEM32\profapi.dll
0x00007ffe20d20000 - 0x00007ffe20df7000 	C:\Program Files\Java\jdk-21\bin\jsvml.dll
0x00007ffe31e80000 - 0x00007ffe31e98000 	C:\Program Files\Java\jdk-21\bin\zip.dll
0x00007ffe36660000 - 0x00007ffe36670000 	C:\Program Files\Java\jdk-21\bin\net.dll
0x00007ffe3a6d0000 - 0x00007ffe3a7da000 	C:\Windows\SYSTEM32\WINHTTP.dll
0x00007ffe40670000 - 0x00007ffe406da000 	C:\Windows\system32\mswsock.dll
0x00007ffe29960000 - 0x00007ffe29976000 	C:\Program Files\Java\jdk-21\bin\nio.dll
0x00007ffe2fdc0000 - 0x00007ffe2fdd0000 	C:\Program Files\Java\jdk-21\bin\verify.dll
0x00007ffe11ac0000 - 0x00007ffe11ae7000 	C:\Users\user\.gradle\native\c067742578af261105cb4f569cf0c3c89f3d7b1fecec35dd04571415982c5e48\windows-amd64\native-platform.dll
0x00007ffe12440000 - 0x00007ffe12584000 	C:\Users\user\.gradle\native\100fb08df4bc3b14c8652ba06237920a3bd2aa13389f12d3474272988ae205f9\windows-amd64\native-platform-file-events.dll
0x00007ffe2ca20000 - 0x00007ffe2ca2a000 	C:\Program Files\Java\jdk-21\bin\management.dll
0x00007ffe29950000 - 0x00007ffe2995b000 	C:\Program Files\Java\jdk-21\bin\management_ext.dll
0x00007ffe43cd0000 - 0x00007ffe43cd8000 	C:\Windows\System32\PSAPI.DLL
0x00007ffe411e0000 - 0x00007ffe411f8000 	C:\Windows\SYSTEM32\CRYPTSP.dll
0x00007ffe3fe80000 - 0x00007ffe3feb4000 	C:\Windows\system32\rsaenh.dll
0x00007ffe41360000 - 0x00007ffe4138e000 	C:\Windows\SYSTEM32\USERENV.dll
0x00007ffe40760000 - 0x00007ffe4076c000 	C:\Windows\SYSTEM32\CRYPTBASE.dll
0x00007ffe401e0000 - 0x00007ffe4021b000 	C:\Windows\SYSTEM32\IPHLPAPI.DLL
0x00007ffe42ad0000 - 0x00007ffe42ad8000 	C:\Windows\System32\NSI.dll
0x00007ffe29940000 - 0x00007ffe29949000 	C:\Program Files\Java\jdk-21\bin\extnet.dll
0x00007ffe29390000 - 0x00007ffe2939e000 	C:\Program Files\Java\jdk-21\bin\sunmscapi.dll
0x00007ffe41b00000 - 0x00007ffe41c5e000 	C:\Windows\System32\CRYPT32.dll
0x00007ffe40810000 - 0x00007ffe40839000 	C:\Windows\SYSTEM32\ncrypt.dll
0x00007ffe407d0000 - 0x00007ffe4080b000 	C:\Windows\SYSTEM32\NTASN1.dll
0x00007ffe33ab0000 - 0x00007ffe33ab7000 	C:\Windows\system32\wshunix.dll

dbghelp: loaded successfully - version: 4.0.5 - missing functions: none
symbol engine: initialized successfully - sym options: 0x614 - pdb path: .;C:\Program Files\Java\jdk-21\bin;C:\Windows\SYSTEM32;C:\Windows\WinSxS\amd64_microsoft.windows.common-controls_6595b64144ccf1df_6.0.19041.4355_none_60b8b9eb71f62e16;C:\Program Files\Java\jdk-21\bin\server;C:\Users\user\.gradle\native\c067742578af261105cb4f569cf0c3c89f3d7b1fecec35dd04571415982c5e48\windows-amd64;C:\Users\user\.gradle\native\100fb08df4bc3b14c8652ba06237920a3bd2aa13389f12d3474272988ae205f9\windows-amd64

VM Arguments:
jvm_args: --add-opens=java.base/java.util=ALL-UNNAMED --add-opens=java.base/java.lang=ALL-UNNAMED --add-opens=java.base/java.lang.invoke=ALL-UNNAMED --add-opens=java.prefs/java.util.prefs=ALL-UNNAMED --add-opens=java.base/java.nio.charset=ALL-UNNAMED --add-opens=java.base/java.net=ALL-UNNAMED --add-opens=java.base/java.util.concurrent.atomic=ALL-UNNAMED -XX:MaxMetaspaceSize=384m -XX:+HeapDumpOnOutOfMemoryError -Xms256m -Xmx512m -Dfile.encoding=x-windows-949 -Duser.country=KR -Duser.language=ko -Duser.variant -javaagent:C:\Users\user\.gradle\wrapper\dists\gradle-8.8-bin\dl7vupf4psengwqhwktix4v1\gradle-8.8\lib\agents\gradle-instrumentation-agent-8.8.jar 
java_command: org.gradle.launcher.daemon.bootstrap.GradleDaemon 8.8
java_class_path (initial): C:\Users\user\.gradle\wrapper\dists\gradle-8.8-bin\dl7vupf4psengwqhwktix4v1\gradle-8.8\lib\gradle-launcher-8.8.jar
Launcher Type: SUN_STANDARD

[Global flags]
     intx CICompilerCount                          = 3                                         {product} {ergonomic}
   size_t CompressedClassSpaceSize                 = 335544320                                 {product} {ergonomic}
     uint ConcGCThreads                            = 1                                         {product} {ergonomic}
     uint G1ConcRefinementThreads                  = 4                                         {product} {ergonomic}
   size_t G1HeapRegionSize                         = 1048576                                   {product} {ergonomic}
    uintx GCDrainStackTargetSize                   = 64                                        {product} {ergonomic}
     bool HeapDumpOnOutOfMemoryError               = true                                   {manageable} {command line}
   size_t InitialHeapSize                          = 268435456                                 {product} {command line}
   size_t MarkStackSize                            = 4194304                                   {product} {ergonomic}
   size_t MaxHeapSize                              = 536870912                                 {product} {command line}
   size_t MaxMetaspaceSize                         = 402653184                                 {product} {command line}
   size_t MaxNewSize                               = 321912832                                 {product} {ergonomic}
   size_t MinHeapDeltaBytes                        = 1048576                                   {product} {ergonomic}
   size_t MinHeapSize                              = 268435456                                 {product} {command line}
    uintx NonNMethodCodeHeapSize                   = 5832780                                {pd product} {ergonomic}
    uintx NonProfiledCodeHeapSize                  = 122912730                              {pd product} {ergonomic}
    uintx ProfiledCodeHeapSize                     = 122912730                              {pd product} {ergonomic}
    uintx ReservedCodeCacheSize                    = 251658240                              {pd product} {ergonomic}
     bool SegmentedCodeCache                       = true                                      {product} {ergonomic}
   size_t SoftMaxHeapSize                          = 536870912                              {manageable} {ergonomic}
     bool UseCompressedOops                        = true                           {product lp64_product} {ergonomic}
     bool UseG1GC                                  = true                                      {product} {ergonomic}
     bool UseLargePagesIndividualAllocation        = false                                  {pd product} {ergonomic}

Logging:
Log output configuration:
 #0: stdout all=warning uptime,level,tags foldmultilines=false
 #1: stderr all=off uptime,level,tags foldmultilines=false

Environment Variables:
JAVA_HOME=C:\Program Files\Java\jdk-21
PATH=C:\Program Files\Common Files\Oracle\Java\javapath;C:\oraclexe\app\oracle\product\11.2.0\server\bin;C:\Windows\system32;C:\Windows;C:\Windows\System32\Wbem;C:\Windows\System32\WindowsPowerShell\v1.0\;C:\Windows\System32\OpenSSH\;C:\Program Files (x86)\NVIDIA Corporation\PhysX\Common;C:\Program Files\NVIDIA Corporation\NVIDIA NvDLISR;C:\Program Files\nodejs\;C:\Program Files\Git\cmd;C:\Program Files\Java\jdk-21\bin;C:\Users\user\AppData\Local\Microsoft\WindowsApps;C:\Users\user\AppData\Local\Programs\Microsoft VS Code\bin;C:\Users\user\AppData\Roaming\npm;
USERNAME=user
OS=Windows_NT
PROCESSOR_IDENTIFIER=Intel64 Family 6 Model 58 Stepping 9, GenuineIntel
TMP=C:\Users\user\AppData\Local\Temp
TEMP=C:\Users\user\AppData\Local\Temp




Periodic native trim disabled

---------------  S Y S T E M  ---------------

OS:
 Windows 10 , 64 bit Build 19041 (10.0.19041.4597)
OS uptime: 8 days 3:11 hours

CPU: total 4 (initial active 4) (4 cores per cpu, 1 threads per core) family 6 model 58 stepping 9 microcode 0x21, cx8, cmov, fxsr, mmx, sse, sse2, sse3, ssse3, sse4.1, sse4.2, popcnt, tsc, tscinvbit, avx, aes, erms, clmul, vzeroupper, clflush, rdtscp, f16c
Processor Information for all 4 processors :
  Max Mhz: 3401, Current Mhz: 3401, Mhz Limit: 3401

Memory: 4k page, system-wide physical 16327M (7417M free)
TotalPageFile size 18759M (AvailPageFile size 8552M)
current process WorkingSet (physical memory assigned to process): 400M, peak: 400M
current process commit charge ("private bytes"): 484M, peak: 484M

vm_info: Java HotSpot(TM) 64-Bit Server VM (21.0.3+7-LTS-152) for windows-amd64 JRE (21.0.3+7-LTS-152), built on 2024-03-11T17:42:26Z by "mach5one" with MS VC++ 17.6 (VS2022)

END.
